[      31ms] [LOG] [CommHub] Initializing for user: 202 @ https://awesomekorean.com/build/assets/app-6FHybCUm.js:47
[      32ms] [LOG] [PeerJS] Initializing as sk-202-aqtf @ https://awesomekorean.com/build/assets/app-6FHybCUm.js:47
[      33ms] [WARNING] [PushService] Firebase config missing — push disabled @ https://awesomekorean.com/build/assets/app-6FHybCUm.js:47
[     267ms] [LOG] [PeerJS] ✅ Connected as sk-202-aqtf @ https://awesomekorean.com/build/assets/app-6FHybCUm.js:47
[    4471ms] [LOG] [Ringtone] <audio> source pre-loaded (no play) @ https://awesomekorean.com/build/assets/app-6FHybCUm.js:47
[  248627ms] [VERBOSE] [DOM] Password field is not contained in a form: (More info: https://goo.gl/9p2vKq) %o @ https://awesomekorean.com/dashboard:0
[  248627ms] [VERBOSE] [DOM] Password field is not contained in a form: (More info: https://goo.gl/9p2vKq) %o @ https://awesomekorean.com/dashboard:0
[  248627ms] [VERBOSE] [DOM] Password field is not contained in a form: (More info: https://goo.gl/9p2vKq) %o @ https://awesomekorean.com/dashboard:0
[  399398ms] [LOG] [CommHub] Initializing for user: 202 @ https://awesomekorean.com/build/assets/app-6FHybCUm.js:47
[  399400ms] [LOG] [PeerJS] Initializing as sk-202-5c8f @ https://awesomekorean.com/build/assets/app-6FHybCUm.js:47
[  399402ms] [WARNING] [PushService] Firebase config missing — push disabled @ https://awesomekorean.com/build/assets/app-6FHybCUm.js:47
[  399593ms] [LOG] [PeerJS] ✅ Connected as sk-202-5c8f @ https://awesomekorean.com/build/assets/app-6FHybCUm.js:47
[  566706ms] [LOG] [Ringtone] <audio> source pre-loaded (no play) @ https://awesomekorean.com/build/assets/app-6FHybCUm.js:47
[  584563ms] [ERROR] Failed to load resource: the server responded with a status of 404 (Not Found) @ https://awesomekorean.com/storage//storage/avatars/img_69ea2201ab9733.97381590.png:0
[  603451ms] [ERROR] Failed to load resource: the server responded with a status of 404 (Not Found) @ https://awesomekorean.com/storage//storage/avatars/img_69ea2201ab9733.97381590.png:0
[  617543ms] [ERROR] Failed to load resource: the server responded with a status of 404 (Not Found) @ https://awesomekorean.com/storage//storage/avatars/img_69ea2201ab9733.97381590.png:0
[  627812ms] [ERROR] Failed to load resource: the server responded with a status of 404 (Not Found) @ https://awesomekorean.com/storage//storage/avatars/img_69ea2201ab9733.97381590.png:0
[ 3043311ms] [LOG] [CommHub] Initializing for user: 202 @ https://awesomekorean.com/build/assets/app-C0JRYiyq.js:47
[ 3043312ms] [LOG] [PeerJS] Initializing as sk-202-l3iz @ https://awesomekorean.com/build/assets/app-C0JRYiyq.js:47
[ 3043313ms] [WARNING] [PushService] Firebase config missing — push disabled @ https://awesomekorean.com/build/assets/app-C0JRYiyq.js:47
[ 3043721ms] [LOG] [PeerJS] ✅ Connected as sk-202-l3iz @ https://awesomekorean.com/build/assets/app-C0JRYiyq.js:47
[ 3045344ms] [LOG] [Ringtone] <audio> source pre-loaded (no play) @ https://awesomekorean.com/build/assets/app-C0JRYiyq.js:47
[ 3049381ms] [ERROR] Failed to load resource: the server responded with a status of 404 (Not Found) @ https://awesomekorean.com/storage//storage/avatars/img_69ea2201ab9733.97381590.png:0
[ 3075934ms] [ERROR] Failed to load resource: the server responded with a status of 404 (Not Found) @ https://awesomekorean.com/storage//storage/avatars/img_69ea2201ab9733.97381590.png:0
[ 3593393ms] [ERROR] Failed to load resource: the server responded with a status of 401 (Unauthorized) @ https://awesomekorean.com/api/comms/presence/ping:0
[ 3618386ms] [ERROR] Failed to load resource: the server responded with a status of 401 (Unauthorized) @ https://awesomekorean.com/api/comms/presence/ping:0
[ 3643393ms] [ERROR] Failed to load resource: the server responded with a status of 401 (Unauthorized) @ https://awesomekorean.com/api/heartbeat:0
[ 3643480ms] [ERROR] Failed to load resource: the server responded with a status of 401 (Unauthorized) @ https://awesomekorean.com/api/comms/presence/ping:0
[ 3643487ms] [ERROR] Failed to load resource: the server responded with a status of 401 (Unauthorized) @ https://awesomekorean.com/api/notifications:0
[ 3668385ms] [ERROR] Failed to load resource: the server responded with a status of 401 (Unauthorized) @ https://awesomekorean.com/api/comms/presence/ping:0
[ 3693402ms] [ERROR] Failed to load resource: the server responded with a status of 401 (Unauthorized) @ https://awesomekorean.com/api/comms/presence/ping:0
[ 3718389ms] [ERROR] Failed to load resource: the server responded with a status of 401 (Unauthorized) @ https://awesomekorean.com/api/comms/presence/ping:0
[ 3743388ms] [ERROR] Failed to load resource: the server responded with a status of 401 (Unauthorized) @ https://awesomekorean.com/api/comms/presence/ping:0
[ 3763396ms] [ERROR] Failed to load resource: the server responded with a status of 401 (Unauthorized) @ https://awesomekorean.com/api/heartbeat:0
[ 3763479ms] [ERROR] Failed to load resource: the server responded with a status of 401 (Unauthorized) @ https://awesomekorean.com/api/notifications:0
[ 3768413ms] [ERROR] Failed to load resource: the server responded with a status of 401 (Unauthorized) @ https://awesomekorean.com/api/comms/presence/ping:0
[ 3793392ms] [ERROR] Failed to load resource: the server responded with a status of 401 (Unauthorized) @ https://awesomekorean.com/api/comms/presence/ping:0
[ 3818414ms] [ERROR] Failed to load resource: the server responded with a status of 401 (Unauthorized) @ https://awesomekorean.com/api/comms/presence/ping:0
[ 3843406ms] [ERROR] Failed to load resource: the server responded with a status of 401 (Unauthorized) @ https://awesomekorean.com/api/comms/presence/ping:0
[ 3868385ms] [ERROR] Failed to load resource: the server responded with a status of 401 (Unauthorized) @ https://awesomekorean.com/api/comms/presence/ping:0
[ 3883386ms] [ERROR] Failed to load resource: the server responded with a status of 401 (Unauthorized) @ https://awesomekorean.com/api/heartbeat:0
[ 3883450ms] [ERROR] Failed to load resource: the server responded with a status of 401 (Unauthorized) @ https://awesomekorean.com/api/notifications:0
[ 3893394ms] [ERROR] Failed to load resource: the server responded with a status of 401 (Unauthorized) @ https://awesomekorean.com/api/comms/presence/ping:0
[ 3918421ms] [ERROR] Failed to load resource: the server responded with a status of 401 (Unauthorized) @ https://awesomekorean.com/api/comms/presence/ping:0
[ 3936166ms] [ERROR] Failed to load resource: the server responded with a status of 401 (Unauthorized) @ https://awesomekorean.com/api/bookmarks/check?type=App%5CModels%5CJobPost&ids=354,349,367:0
[ 3936723ms] [ERROR] Failed to load resource: the server responded with a status of 401 (Unauthorized) @ https://awesomekorean.com/api/bookmarks/check?type=App%5CModels%5CJobPost&ids=375,374,373,372,371,370,369,368,297,328,298,312,339,337,345,309,277,323,280,314:0
[ 3937435ms] [ERROR] Failed to load resource: the server responded with a status of 401 (Unauthorized) @ https://awesomekorean.com/api/bookmarks/check?type=App%5CModels%5CJobPost&ids=354,349,367:0
[ 3943388ms] [ERROR] Failed to load resource: the server responded with a status of 401 (Unauthorized) @ https://awesomekorean.com/api/comms/presence/ping:0
[ 3943690ms] [ERROR] Failed to load resource: the server responded with a status of 401 (Unauthorized) @ https://awesomekorean.com/api/bookmarks/check?type=App%5CModels%5CJobPost&ids=375,374,373,372,371,370,369,368,297,328,298,312,339,337,345,309,277,323,280,314:0
[ 3945095ms] [ERROR] Failed to load resource: the server responded with a status of 401 (Unauthorized) @ https://awesomekorean.com/api/bookmarks/check?type=App%5CModels%5CJobPost&ids=354,349,367:0
[ 3946759ms] [ERROR] Failed to load resource: the server responded with a status of 401 (Unauthorized) @ https://awesomekorean.com/api/bookmarks/check?type=App%5CModels%5CJobPost&ids=375,374,373,372,371,370,369,368,297,328,298,312,339,337,345,309,277,323,280,314:0
[ 3949865ms] [ERROR] Failed to load resource: the server responded with a status of 401 (Unauthorized) @ https://awesomekorean.com/api/bookmarks/check?type=App%5CModels%5CMarketItem&ids=325,324,323,322,286,314,316,317,205,212,221,234,257,260,266:0
[ 3952037ms] [ERROR] Failed to load resource: the server responded with a status of 401 (Unauthorized) @ https://awesomekorean.com/api/bookmarks/check?type=App%5CModels%5CMarketItem&ids=325,324,323,322,286,314,316,317,205,212,221,234,257,260,266:0
[ 3960426ms] [ERROR] Failed to load resource: the server responded with a status of 404 (Not Found) @ https://awesomekorean.com/storage//storage/avatars/img_69ea2201ab9733.97381590.png:0
[ 3964267ms] [ERROR] Failed to load resource: the server responded with a status of 401 (Unauthorized) @ https://awesomekorean.com/api/bookmarks/check?type=App%5CModels%5CMarketItem&ids=324,322,205,212,221:0
[ 3964645ms] [ERROR] Failed to load resource: the server responded with a status of 401 (Unauthorized) @ https://awesomekorean.com/api/bookmarks/check?type=App%5CModels%5CMarketItem&ids=325,324,323,322,286,314,316,317,205,212,221,234,257,260,266:0
[ 3965498ms] [ERROR] Failed to load resource: the server responded with a status of 404 (Not Found) @ https://awesomekorean.com/storage//storage/avatars/img_69ea2201ab9733.97381590.png:0
[ 3968382ms] [ERROR] Failed to load resource: the server responded with a status of 401 (Unauthorized) @ https://awesomekorean.com/api/comms/presence/ping:0
