[     448ms] [LOG] [CommHub] Initializing for user: 202 @ https://awesomekorean.com/build/assets/app-CnlAwIv4.js:47
[     449ms] [LOG] [PeerJS] Initializing as sk-202-r0s4 @ https://awesomekorean.com/build/assets/app-CnlAwIv4.js:47
[     450ms] [WARNING] [PushService] Firebase config missing — push disabled @ https://awesomekorean.com/build/assets/app-CnlAwIv4.js:47
[     703ms] [ERROR] WebSocket connection to 'wss://awesomekorean.com/peerjs/peerjs?key=peerjs&id=sk-202-r0s4&token=6yd5nm19d02&version=1.5.5' failed: Error during WebSocket handshake: Unexpected response code: 502 @ https://awesomekorean.com/build/assets/app-CnlAwIv4.js:47
[     705ms] [ERROR] ERROR PeerJS:  Error: Lost connection to server. @ https://awesomekorean.com/build/assets/app-CnlAwIv4.js:47
[     705ms] [ERROR] [PeerJS] ❌ Error: network Lost connection to server. @ https://awesomekorean.com/build/assets/app-CnlAwIv4.js:47
[     705ms] [WARNING] [PeerJS] Disconnected, reconnecting... @ https://awesomekorean.com/build/assets/app-CnlAwIv4.js:47
[     818ms] [ERROR] WebSocket connection to 'wss://awesomekorean.com/peerjs/peerjs?key=peerjs&id=sk-202-r0s4&token=6yd5nm19d02&version=1.5.5' failed: Error during WebSocket handshake: Unexpected response code: 502 @ https://awesomekorean.com/build/assets/app-CnlAwIv4.js:47
[     818ms] [ERROR] ERROR PeerJS:  Error: Lost connection to server. @ https://awesomekorean.com/build/assets/app-CnlAwIv4.js:47
[     818ms] [ERROR] [PeerJS] ❌ Error: network Lost connection to server. @ https://awesomekorean.com/build/assets/app-CnlAwIv4.js:47
[     818ms] [WARNING] [PeerJS] Disconnected, reconnecting... @ https://awesomekorean.com/build/assets/app-CnlAwIv4.js:47
[     939ms] [ERROR] WebSocket connection to 'wss://awesomekorean.com/peerjs/peerjs?key=peerjs&id=sk-202-r0s4&token=6yd5nm19d02&version=1.5.5' failed: Error during WebSocket handshake: Unexpected response code: 502 @ https://awesomekorean.com/build/assets/app-CnlAwIv4.js:47
[     940ms] [ERROR] ERROR PeerJS:  Error: Lost connection to server. @ https://awesomekorean.com/build/assets/app-CnlAwIv4.js:47
[     940ms] [ERROR] [PeerJS] ❌ Error: network Lost connection to server. @ https://awesomekorean.com/build/assets/app-CnlAwIv4.js:47
[     940ms] [WARNING] [PeerJS] Disconnected, reconnecting... @ https://awesomekorean.com/build/assets/app-CnlAwIv4.js:47
[    1063ms] [ERROR] WebSocket connection to 'wss://awesomekorean.com/peerjs/peerjs?key=peerjs&id=sk-202-r0s4&token=6yd5nm19d02&version=1.5.5' failed: Error during WebSocket handshake: Unexpected response code: 502 @ https://awesomekorean.com/build/assets/app-CnlAwIv4.js:47
[    1063ms] [ERROR] ERROR PeerJS:  Error: Lost connection to server. @ https://awesomekorean.com/build/assets/app-CnlAwIv4.js:47
[    1063ms] [ERROR] [PeerJS] ❌ Error: network Lost connection to server. @ https://awesomekorean.com/build/assets/app-CnlAwIv4.js:47
[    1064ms] [WARNING] [PeerJS] Disconnected, reconnecting... @ https://awesomekorean.com/build/assets/app-CnlAwIv4.js:47
[    1186ms] [ERROR] WebSocket connection to 'wss://awesomekorean.com/peerjs/peerjs?key=peerjs&id=sk-202-r0s4&token=6yd5nm19d02&version=1.5.5' failed: Error during WebSocket handshake: Unexpected response code: 502 @ https://awesomekorean.com/build/assets/app-CnlAwIv4.js:47
[    1186ms] [ERROR] ERROR PeerJS:  Error: Lost connection to server. @ https://awesomekorean.com/build/assets/app-CnlAwIv4.js:47
[    1186ms] [ERROR] [PeerJS] ❌ Error: network Lost connection to server. @ https://awesomekorean.com/build/assets/app-CnlAwIv4.js:47
[    1186ms] [WARNING] [PeerJS] Disconnected, reconnecting... @ https://awesomekorean.com/build/assets/app-CnlAwIv4.js:47
[    1313ms] [ERROR] WebSocket connection to 'wss://awesomekorean.com/peerjs/peerjs?key=peerjs&id=sk-202-r0s4&token=6yd5nm19d02&version=1.5.5' failed: Error during WebSocket handshake: Unexpected response code: 502 @ https://awesomekorean.com/build/assets/app-CnlAwIv4.js:47
[    1314ms] [ERROR] ERROR PeerJS:  Error: Lost connection to server. @ https://awesomekorean.com/build/assets/app-CnlAwIv4.js:47
[    1314ms] [ERROR] [PeerJS] ❌ Error: network Lost connection to server. @ https://awesomekorean.com/build/assets/app-CnlAwIv4.js:47
[    1314ms] [WARNING] [PeerJS] Disconnected, reconnecting... @ https://awesomekorean.com/build/assets/app-CnlAwIv4.js:47
[    1438ms] [ERROR] WebSocket connection to 'wss://awesomekorean.com/peerjs/peerjs?key=peerjs&id=sk-202-r0s4&token=6yd5nm19d02&version=1.5.5' failed: Error during WebSocket handshake: Unexpected response code: 502 @ https://awesomekorean.com/build/assets/app-CnlAwIv4.js:47
[    1439ms] [ERROR] ERROR PeerJS:  Error: Lost connection to server. @ https://awesomekorean.com/build/assets/app-CnlAwIv4.js:47
[    1439ms] [ERROR] [PeerJS] ❌ Error: network Lost connection to server. @ https://awesomekorean.com/build/assets/app-CnlAwIv4.js:47
[    1439ms] [WARNING] [PeerJS] Disconnected, reconnecting... @ https://awesomekorean.com/build/assets/app-CnlAwIv4.js:47
[    1563ms] [ERROR] WebSocket connection to 'wss://awesomekorean.com/peerjs/peerjs?key=peerjs&id=sk-202-r0s4&token=6yd5nm19d02&version=1.5.5' failed: Error during WebSocket handshake: Unexpected response code: 502 @ https://awesomekorean.com/build/assets/app-CnlAwIv4.js:47
[    1564ms] [ERROR] ERROR PeerJS:  Error: Lost connection to server. @ https://awesomekorean.com/build/assets/app-CnlAwIv4.js:47
[    1564ms] [ERROR] [PeerJS] ❌ Error: network Lost connection to server. @ https://awesomekorean.com/build/assets/app-CnlAwIv4.js:47
[    1564ms] [WARNING] [PeerJS] Disconnected, reconnecting... @ https://awesomekorean.com/build/assets/app-CnlAwIv4.js:47
[    1689ms] [ERROR] WebSocket connection to 'wss://awesomekorean.com/peerjs/peerjs?key=peerjs&id=sk-202-r0s4&token=6yd5nm19d02&version=1.5.5' failed: Error during WebSocket handshake: Unexpected response code: 502 @ https://awesomekorean.com/build/assets/app-CnlAwIv4.js:47
[    1689ms] [ERROR] ERROR PeerJS:  Error: Lost connection to server. @ https://awesomekorean.com/build/assets/app-CnlAwIv4.js:47
[    1689ms] [ERROR] [PeerJS] ❌ Error: network Lost connection to server. @ https://awesomekorean.com/build/assets/app-CnlAwIv4.js:47
[    1690ms] [WARNING] [PeerJS] Disconnected, reconnecting... @ https://awesomekorean.com/build/assets/app-CnlAwIv4.js:47
[    1822ms] [ERROR] WebSocket connection to 'wss://awesomekorean.com/peerjs/peerjs?key=peerjs&id=sk-202-r0s4&token=6yd5nm19d02&version=1.5.5' failed: Error during WebSocket handshake: Unexpected response code: 502 @ https://awesomekorean.com/build/assets/app-CnlAwIv4.js:47
[    1822ms] [ERROR] ERROR PeerJS:  Error: Lost connection to server. @ https://awesomekorean.com/build/assets/app-CnlAwIv4.js:47
[    1822ms] [ERROR] [PeerJS] ❌ Error: network Lost connection to server. @ https://awesomekorean.com/build/assets/app-CnlAwIv4.js:47
[    1823ms] [WARNING] [PeerJS] Disconnected, reconnecting... @ https://awesomekorean.com/build/assets/app-CnlAwIv4.js:47
[    1952ms] [ERROR] WebSocket connection to 'wss://awesomekorean.com/peerjs/peerjs?key=peerjs&id=sk-202-r0s4&token=6yd5nm19d02&version=1.5.5' failed: Error during WebSocket handshake: Unexpected response code: 502 @ https://awesomekorean.com/build/assets/app-CnlAwIv4.js:47
[    1952ms] [ERROR] ERROR PeerJS:  Error: Lost connection to server. @ https://awesomekorean.com/build/assets/app-CnlAwIv4.js:47
[    1953ms] [ERROR] [PeerJS] ❌ Error: network Lost connection to server. @ https://awesomekorean.com/build/assets/app-CnlAwIv4.js:47
[    1953ms] [WARNING] [PeerJS] Disconnected, reconnecting... @ https://awesomekorean.com/build/assets/app-CnlAwIv4.js:47
[    2076ms] [ERROR] WebSocket connection to 'wss://awesomekorean.com/peerjs/peerjs?key=peerjs&id=sk-202-r0s4&token=6yd5nm19d02&version=1.5.5' failed: Error during WebSocket handshake: Unexpected response code: 502 @ https://awesomekorean.com/build/assets/app-CnlAwIv4.js:47
[    2077ms] [ERROR] ERROR PeerJS:  Error: Lost connection to server. @ https://awesomekorean.com/build/assets/app-CnlAwIv4.js:47
[    2077ms] [ERROR] [PeerJS] ❌ Error: network Lost connection to server. @ https://awesomekorean.com/build/assets/app-CnlAwIv4.js:47
[    2077ms] [WARNING] [PeerJS] Disconnected, reconnecting... @ https://awesomekorean.com/build/assets/app-CnlAwIv4.js:47
[    2199ms] [ERROR] WebSocket connection to 'wss://awesomekorean.com/peerjs/peerjs?key=peerjs&id=sk-202-r0s4&token=6yd5nm19d02&version=1.5.5' failed: Error during WebSocket handshake: Unexpected response code: 502 @ https://awesomekorean.com/build/assets/app-CnlAwIv4.js:47
[    2199ms] [ERROR] ERROR PeerJS:  Error: Lost connection to server. @ https://awesomekorean.com/build/assets/app-CnlAwIv4.js:47
[    2200ms] [ERROR] [PeerJS] ❌ Error: network Lost connection to server. @ https://awesomekorean.com/build/assets/app-CnlAwIv4.js:47
[    2200ms] [WARNING] [PeerJS] Disconnected, reconnecting... @ https://awesomekorean.com/build/assets/app-CnlAwIv4.js:47
[    2328ms] [ERROR] WebSocket connection to 'wss://awesomekorean.com/peerjs/peerjs?key=peerjs&id=sk-202-r0s4&token=6yd5nm19d02&version=1.5.5' failed: Error during WebSocket handshake: Unexpected response code: 502 @ https://awesomekorean.com/build/assets/app-CnlAwIv4.js:47
[    2329ms] [ERROR] ERROR PeerJS:  Error: Lost connection to server. @ https://awesomekorean.com/build/assets/app-CnlAwIv4.js:47
[    2329ms] [ERROR] [PeerJS] ❌ Error: network Lost connection to server. @ https://awesomekorean.com/build/assets/app-CnlAwIv4.js:47
[    2329ms] [WARNING] [PeerJS] Disconnected, reconnecting... @ https://awesomekorean.com/build/assets/app-CnlAwIv4.js:47
[    2454ms] [ERROR] WebSocket connection to 'wss://awesomekorean.com/peerjs/peerjs?key=peerjs&id=sk-202-r0s4&token=6yd5nm19d02&version=1.5.5' failed: Error during WebSocket handshake: Unexpected response code: 502 @ https://awesomekorean.com/build/assets/app-CnlAwIv4.js:47
[    2454ms] [ERROR] ERROR PeerJS:  Error: Lost connection to server. @ https://awesomekorean.com/build/assets/app-CnlAwIv4.js:47
[    2454ms] [ERROR] [PeerJS] ❌ Error: network Lost connection to server. @ https://awesomekorean.com/build/assets/app-CnlAwIv4.js:47
[    2454ms] [WARNING] [PeerJS] Disconnected, reconnecting... @ https://awesomekorean.com/build/assets/app-CnlAwIv4.js:47
[    2576ms] [ERROR] WebSocket connection to 'wss://awesomekorean.com/peerjs/peerjs?key=peerjs&id=sk-202-r0s4&token=6yd5nm19d02&version=1.5.5' failed: Error during WebSocket handshake: Unexpected response code: 502 @ https://awesomekorean.com/build/assets/app-CnlAwIv4.js:47
[    2576ms] [ERROR] ERROR PeerJS:  Error: Lost connection to server. @ https://awesomekorean.com/build/assets/app-CnlAwIv4.js:47
[    2576ms] [ERROR] [PeerJS] ❌ Error: network Lost connection to server. @ https://awesomekorean.com/build/assets/app-CnlAwIv4.js:47
[    2577ms] [WARNING] [PeerJS] Disconnected, reconnecting... @ https://awesomekorean.com/build/assets/app-CnlAwIv4.js:47
[    2700ms] [ERROR] WebSocket connection to 'wss://awesomekorean.com/peerjs/peerjs?key=peerjs&id=sk-202-r0s4&token=6yd5nm19d02&version=1.5.5' failed: Error during WebSocket handshake: Unexpected response code: 502 @ https://awesomekorean.com/build/assets/app-CnlAwIv4.js:47
[    2700ms] [ERROR] ERROR PeerJS:  Error: Lost connection to server. @ https://awesomekorean.com/build/assets/app-CnlAwIv4.js:47
[    2700ms] [ERROR] [PeerJS] ❌ Error: network Lost connection to server. @ https://awesomekorean.com/build/assets/app-CnlAwIv4.js:47
[    2700ms] [WARNING] [PeerJS] Disconnected, reconnecting... @ https://awesomekorean.com/build/assets/app-CnlAwIv4.js:47
[    2832ms] [ERROR] WebSocket connection to 'wss://awesomekorean.com/peerjs/peerjs?key=peerjs&id=sk-202-r0s4&token=6yd5nm19d02&version=1.5.5' failed: Error during WebSocket handshake: Unexpected response code: 502 @ https://awesomekorean.com/build/assets/app-CnlAwIv4.js:47
[    2832ms] [ERROR] ERROR PeerJS:  Error: Lost connection to server. @ https://awesomekorean.com/build/assets/app-CnlAwIv4.js:47
[    2832ms] [ERROR] [PeerJS] ❌ Error: network Lost connection to server. @ https://awesomekorean.com/build/assets/app-CnlAwIv4.js:47
[    2832ms] [WARNING] [PeerJS] Disconnected, reconnecting... @ https://awesomekorean.com/build/assets/app-CnlAwIv4.js:47
[    2953ms] [ERROR] WebSocket connection to 'wss://awesomekorean.com/peerjs/peerjs?key=peerjs&id=sk-202-r0s4&token=6yd5nm19d02&version=1.5.5' failed: Error during WebSocket handshake: Unexpected response code: 502 @ https://awesomekorean.com/build/assets/app-CnlAwIv4.js:47
[    2953ms] [ERROR] ERROR PeerJS:  Error: Lost connection to server. @ https://awesomekorean.com/build/assets/app-CnlAwIv4.js:47
[    2953ms] [ERROR] [PeerJS] ❌ Error: network Lost connection to server. @ https://awesomekorean.com/build/assets/app-CnlAwIv4.js:47
[    2953ms] [WARNING] [PeerJS] Disconnected, reconnecting... @ https://awesomekorean.com/build/assets/app-CnlAwIv4.js:47
[    3084ms] [ERROR] WebSocket connection to 'wss://awesomekorean.com/peerjs/peerjs?key=peerjs&id=sk-202-r0s4&token=6yd5nm19d02&version=1.5.5' failed: Error during WebSocket handshake: Unexpected response code: 502 @ https://awesomekorean.com/build/assets/app-CnlAwIv4.js:47
[    3084ms] [ERROR] ERROR PeerJS:  Error: Lost connection to server. @ https://awesomekorean.com/build/assets/app-CnlAwIv4.js:47
[    3084ms] [ERROR] [PeerJS] ❌ Error: network Lost connection to server. @ https://awesomekorean.com/build/assets/app-CnlAwIv4.js:47
[    3084ms] [WARNING] [PeerJS] Disconnected, reconnecting... @ https://awesomekorean.com/build/assets/app-CnlAwIv4.js:47
[    3250ms] [ERROR] WebSocket connection to 'wss://awesomekorean.com/peerjs/peerjs?key=peerjs&id=sk-202-r0s4&token=6yd5nm19d02&version=1.5.5' failed: Error during WebSocket handshake: Unexpected response code: 502 @ https://awesomekorean.com/build/assets/app-CnlAwIv4.js:47
[    3250ms] [ERROR] ERROR PeerJS:  Error: Lost connection to server. @ https://awesomekorean.com/build/assets/app-CnlAwIv4.js:47
[    3250ms] [ERROR] [PeerJS] ❌ Error: network Lost connection to server. @ https://awesomekorean.com/build/assets/app-CnlAwIv4.js:47
[    3250ms] [WARNING] [PeerJS] Disconnected, reconnecting... @ https://awesomekorean.com/build/assets/app-CnlAwIv4.js:47
[    3430ms] [ERROR] WebSocket connection to 'wss://awesomekorean.com/peerjs/peerjs?key=peerjs&id=sk-202-r0s4&token=6yd5nm19d02&version=1.5.5' failed: Error during WebSocket handshake: Unexpected response code: 502 @ https://awesomekorean.com/build/assets/app-CnlAwIv4.js:47
[    3430ms] [ERROR] ERROR PeerJS:  Error: Lost connection to server. @ https://awesomekorean.com/build/assets/app-CnlAwIv4.js:47
[    3430ms] [ERROR] [PeerJS] ❌ Error: network Lost connection to server. @ https://awesomekorean.com/build/assets/app-CnlAwIv4.js:47
[    3430ms] [WARNING] [PeerJS] Disconnected, reconnecting... @ https://awesomekorean.com/build/assets/app-CnlAwIv4.js:47
[    3667ms] [ERROR] WebSocket connection to 'wss://awesomekorean.com/peerjs/peerjs?key=peerjs&id=sk-202-r0s4&token=6yd5nm19d02&version=1.5.5' failed: Error during WebSocket handshake: Unexpected response code: 502 @ https://awesomekorean.com/build/assets/app-CnlAwIv4.js:47
[    3667ms] [ERROR] ERROR PeerJS:  Error: Lost connection to server. @ https://awesomekorean.com/build/assets/app-CnlAwIv4.js:47
[    3667ms] [ERROR] [PeerJS] ❌ Error: network Lost connection to server. @ https://awesomekorean.com/build/assets/app-CnlAwIv4.js:47
[    3667ms] [WARNING] [PeerJS] Disconnected, reconnecting... @ https://awesomekorean.com/build/assets/app-CnlAwIv4.js:47
[    3835ms] [ERROR] WebSocket connection to 'wss://awesomekorean.com/peerjs/peerjs?key=peerjs&id=sk-202-r0s4&token=6yd5nm19d02&version=1.5.5' failed: Error during WebSocket handshake: Unexpected response code: 502 @ https://awesomekorean.com/build/assets/app-CnlAwIv4.js:47
[    3835ms] [ERROR] ERROR PeerJS:  Error: Lost connection to server. @ https://awesomekorean.com/build/assets/app-CnlAwIv4.js:47
[    3835ms] [ERROR] [PeerJS] ❌ Error: network Lost connection to server. @ https://awesomekorean.com/build/assets/app-CnlAwIv4.js:47
[    3835ms] [WARNING] [PeerJS] Disconnected, reconnecting... @ https://awesomekorean.com/build/assets/app-CnlAwIv4.js:47
[    4252ms] [ERROR] WebSocket connection to 'wss://awesomekorean.com/peerjs/peerjs?key=peerjs&id=sk-202-r0s4&token=6yd5nm19d02&version=1.5.5' failed: Error during WebSocket handshake: Unexpected response code: 502 @ https://awesomekorean.com/build/assets/app-CnlAwIv4.js:47
[    4253ms] [ERROR] ERROR PeerJS:  Error: Lost connection to server. @ https://awesomekorean.com/build/assets/app-CnlAwIv4.js:47
[    4253ms] [ERROR] [PeerJS] ❌ Error: network Lost connection to server. @ https://awesomekorean.com/build/assets/app-CnlAwIv4.js:47
[    4253ms] [WARNING] [PeerJS] Disconnected, reconnecting... @ https://awesomekorean.com/build/assets/app-CnlAwIv4.js:47
[    4507ms] [ERROR] WebSocket connection to 'wss://awesomekorean.com/peerjs/peerjs?key=peerjs&id=sk-202-r0s4&token=6yd5nm19d02&version=1.5.5' failed: Error during WebSocket handshake: Unexpected response code: 502 @ https://awesomekorean.com/build/assets/app-CnlAwIv4.js:47
[    4508ms] [ERROR] ERROR PeerJS:  Error: Lost connection to server. @ https://awesomekorean.com/build/assets/app-CnlAwIv4.js:47
[    4508ms] [ERROR] [PeerJS] ❌ Error: network Lost connection to server. @ https://awesomekorean.com/build/assets/app-CnlAwIv4.js:47
[    4508ms] [WARNING] [PeerJS] Disconnected, reconnecting... @ https://awesomekorean.com/build/assets/app-CnlAwIv4.js:47
[    4971ms] [ERROR] WebSocket connection to 'wss://awesomekorean.com/peerjs/peerjs?key=peerjs&id=sk-202-r0s4&token=6yd5nm19d02&version=1.5.5' failed: Error during WebSocket handshake: Unexpected response code: 502 @ https://awesomekorean.com/build/assets/app-CnlAwIv4.js:47
[    4971ms] [ERROR] ERROR PeerJS:  Error: Lost connection to server. @ https://awesomekorean.com/build/assets/app-CnlAwIv4.js:47
[    4971ms] [ERROR] [PeerJS] ❌ Error: network Lost connection to server. @ https://awesomekorean.com/build/assets/app-CnlAwIv4.js:47
[    4972ms] [WARNING] [PeerJS] Disconnected, reconnecting... @ https://awesomekorean.com/build/assets/app-CnlAwIv4.js:47
[    5266ms] [ERROR] WebSocket connection to 'wss://awesomekorean.com/peerjs/peerjs?key=peerjs&id=sk-202-r0s4&token=6yd5nm19d02&version=1.5.5' failed: Error during WebSocket handshake: Unexpected response code: 502 @ https://awesomekorean.com/build/assets/app-CnlAwIv4.js:47
[    5266ms] [ERROR] ERROR PeerJS:  Error: Lost connection to server. @ https://awesomekorean.com/build/assets/app-CnlAwIv4.js:47
[    5267ms] [ERROR] [PeerJS] ❌ Error: network Lost connection to server. @ https://awesomekorean.com/build/assets/app-CnlAwIv4.js:47
[    5267ms] [WARNING] [PeerJS] Disconnected, reconnecting... @ https://awesomekorean.com/build/assets/app-CnlAwIv4.js:47
[    6550ms] [ERROR] WebSocket connection to 'wss://awesomekorean.com/peerjs/peerjs?key=peerjs&id=sk-202-r0s4&token=6yd5nm19d02&version=1.5.5' failed: Error during WebSocket handshake: Unexpected response code: 502 @ https://awesomekorean.com/build/assets/app-CnlAwIv4.js:47
[    6550ms] [ERROR] ERROR PeerJS:  Error: Lost connection to server. @ https://awesomekorean.com/build/assets/app-CnlAwIv4.js:47
[    6550ms] [ERROR] [PeerJS] ❌ Error: network Lost connection to server. @ https://awesomekorean.com/build/assets/app-CnlAwIv4.js:47
[    6550ms] [WARNING] [PeerJS] Disconnected, reconnecting... @ https://awesomekorean.com/build/assets/app-CnlAwIv4.js:47
[    7748ms] [ERROR] WebSocket connection to 'wss://awesomekorean.com/peerjs/peerjs?key=peerjs&id=sk-202-r0s4&token=6yd5nm19d02&version=1.5.5' failed: Error during WebSocket handshake: Unexpected response code: 502 @ https://awesomekorean.com/build/assets/app-CnlAwIv4.js:47
[    7749ms] [ERROR] ERROR PeerJS:  Error: Lost connection to server. @ https://awesomekorean.com/build/assets/app-CnlAwIv4.js:47
[    7749ms] [ERROR] [PeerJS] ❌ Error: network Lost connection to server. @ https://awesomekorean.com/build/assets/app-CnlAwIv4.js:47
[    7749ms] [WARNING] [PeerJS] Disconnected, reconnecting... @ https://awesomekorean.com/build/assets/app-CnlAwIv4.js:47
[    9853ms] [ERROR] WebSocket connection to 'wss://awesomekorean.com/peerjs/peerjs?key=peerjs&id=sk-202-r0s4&token=6yd5nm19d02&version=1.5.5' failed: Error during WebSocket handshake: Unexpected response code: 502 @ https://awesomekorean.com/build/assets/app-CnlAwIv4.js:47
[    9854ms] [ERROR] ERROR PeerJS:  Error: Lost connection to server. @ https://awesomekorean.com/build/assets/app-CnlAwIv4.js:47
[    9854ms] [ERROR] [PeerJS] ❌ Error: network Lost connection to server. @ https://awesomekorean.com/build/assets/app-CnlAwIv4.js:47
[    9854ms] [WARNING] [PeerJS] Disconnected, reconnecting... @ https://awesomekorean.com/build/assets/app-CnlAwIv4.js:47
[   12405ms] [ERROR] WebSocket connection to 'wss://awesomekorean.com/peerjs/peerjs?key=peerjs&id=sk-202-r0s4&token=6yd5nm19d02&version=1.5.5' failed: Error during WebSocket handshake: Unexpected response code: 502 @ https://awesomekorean.com/build/assets/app-CnlAwIv4.js:47
[   12406ms] [ERROR] ERROR PeerJS:  Error: Lost connection to server. @ https://awesomekorean.com/build/assets/app-CnlAwIv4.js:47
[   12406ms] [ERROR] [PeerJS] ❌ Error: network Lost connection to server. @ https://awesomekorean.com/build/assets/app-CnlAwIv4.js:47
[   12406ms] [WARNING] [PeerJS] Disconnected, reconnecting... @ https://awesomekorean.com/build/assets/app-CnlAwIv4.js:47
[   16895ms] [ERROR] WebSocket connection to 'wss://awesomekorean.com/peerjs/peerjs?key=peerjs&id=sk-202-r0s4&token=6yd5nm19d02&version=1.5.5' failed: Error during WebSocket handshake: Unexpected response code: 502 @ https://awesomekorean.com/build/assets/app-CnlAwIv4.js:47
[   16895ms] [ERROR] ERROR PeerJS:  Error: Lost connection to server. @ https://awesomekorean.com/build/assets/app-CnlAwIv4.js:47
[   16895ms] [ERROR] [PeerJS] ❌ Error: network Lost connection to server. @ https://awesomekorean.com/build/assets/app-CnlAwIv4.js:47
[   16895ms] [WARNING] [PeerJS] Disconnected, reconnecting... @ https://awesomekorean.com/build/assets/app-CnlAwIv4.js:47
[   19918ms] [ERROR] WebSocket connection to 'wss://awesomekorean.com/peerjs/peerjs?key=peerjs&id=sk-202-r0s4&token=6yd5nm19d02&version=1.5.5' failed: Error during WebSocket handshake: Unexpected response code: 502 @ https://awesomekorean.com/build/assets/app-CnlAwIv4.js:47
[   19918ms] [ERROR] ERROR PeerJS:  Error: Lost connection to server. @ https://awesomekorean.com/build/assets/app-CnlAwIv4.js:47
[   19918ms] [ERROR] [PeerJS] ❌ Error: network Lost connection to server. @ https://awesomekorean.com/build/assets/app-CnlAwIv4.js:47
[   19918ms] [WARNING] [PeerJS] Disconnected, reconnecting... @ https://awesomekorean.com/build/assets/app-CnlAwIv4.js:47
[   23824ms] [ERROR] WebSocket connection to 'wss://awesomekorean.com/peerjs/peerjs?key=peerjs&id=sk-202-r0s4&token=6yd5nm19d02&version=1.5.5' failed: Error during WebSocket handshake: Unexpected response code: 502 @ https://awesomekorean.com/build/assets/app-CnlAwIv4.js:47
[   23825ms] [ERROR] ERROR PeerJS:  Error: Lost connection to server. @ https://awesomekorean.com/build/assets/app-CnlAwIv4.js:47
[   23825ms] [ERROR] [PeerJS] ❌ Error: network Lost connection to server. @ https://awesomekorean.com/build/assets/app-CnlAwIv4.js:47
[   23825ms] [WARNING] [PeerJS] Disconnected, reconnecting... @ https://awesomekorean.com/build/assets/app-CnlAwIv4.js:47
[   28532ms] [ERROR] WebSocket connection to 'wss://awesomekorean.com/peerjs/peerjs?key=peerjs&id=sk-202-r0s4&token=6yd5nm19d02&version=1.5.5' failed: Error during WebSocket handshake: Unexpected response code: 502 @ https://awesomekorean.com/build/assets/app-CnlAwIv4.js:47
[   28532ms] [ERROR] ERROR PeerJS:  Error: Lost connection to server. @ https://awesomekorean.com/build/assets/app-CnlAwIv4.js:47
[   28532ms] [ERROR] [PeerJS] ❌ Error: network Lost connection to server. @ https://awesomekorean.com/build/assets/app-CnlAwIv4.js:47
[   28532ms] [WARNING] [PeerJS] Disconnected, reconnecting... @ https://awesomekorean.com/build/assets/app-CnlAwIv4.js:47
[   30352ms] [LOG] [Ringtone] <audio> source pre-loaded (no play) @ https://awesomekorean.com/build/assets/app-CnlAwIv4.js:47
[   30563ms] [LOG] [CommHub] Initializing for user: 202 @ https://awesomekorean.com/build/assets/app-CnlAwIv4.js:47
[   30563ms] [LOG] [PeerJS] Initializing as sk-202-oqvz @ https://awesomekorean.com/build/assets/app-CnlAwIv4.js:47
[   30564ms] [WARNING] [PushService] Firebase config missing — push disabled @ https://awesomekorean.com/build/assets/app-CnlAwIv4.js:47
[   31686ms] [ERROR] WebSocket connection to 'wss://awesomekorean.com/peerjs/peerjs?key=peerjs&id=sk-202-oqvz&token=olco7kd592f&version=1.5.5' failed: Error during WebSocket handshake: Unexpected response code: 502 @ https://awesomekorean.com/build/assets/app-CnlAwIv4.js:47
[   31686ms] [ERROR] ERROR PeerJS:  Error: Lost connection to server. @ https://awesomekorean.com/build/assets/app-CnlAwIv4.js:47
[   31686ms] [ERROR] [PeerJS] ❌ Error: network Lost connection to server. @ https://awesomekorean.com/build/assets/app-CnlAwIv4.js:47
[   31686ms] [WARNING] [PeerJS] Disconnected, reconnecting... @ https://awesomekorean.com/build/assets/app-CnlAwIv4.js:47
[   31973ms] [WARNING] WebSocket connection to 'wss://awesomekorean.com/app/awesomekorean_key_2026?protocol=7&client=js&version=8.4.0&flash=false' failed: WebSocket is closed before the connection is established. @ https://awesomekorean.com/build/assets/app-CnlAwIv4.js:6
[   35667ms] [ERROR] WebSocket connection to 'wss://awesomekorean.com/peerjs/peerjs?key=peerjs&id=sk-202-oqvz&token=olco7kd592f&version=1.5.5' failed: Error during WebSocket handshake: Unexpected response code: 502 @ https://awesomekorean.com/build/assets/app-CnlAwIv4.js:47
[   35667ms] [ERROR] ERROR PeerJS:  Error: Lost connection to server. @ https://awesomekorean.com/build/assets/app-CnlAwIv4.js:47
[   35667ms] [ERROR] [PeerJS] ❌ Error: network Lost connection to server. @ https://awesomekorean.com/build/assets/app-CnlAwIv4.js:47
[   35667ms] [WARNING] [PeerJS] Disconnected, reconnecting... @ https://awesomekorean.com/build/assets/app-CnlAwIv4.js:47
[   36223ms] [ERROR] WebSocket connection to 'wss://awesomekorean.com/peerjs/peerjs?key=peerjs&id=sk-202-oqvz&token=olco7kd592f&version=1.5.5' failed: Error during WebSocket handshake: Unexpected response code: 502 @ https://awesomekorean.com/build/assets/app-CnlAwIv4.js:47
[   36223ms] [ERROR] ERROR PeerJS:  Error: Lost connection to server. @ https://awesomekorean.com/build/assets/app-CnlAwIv4.js:47
[   36223ms] [ERROR] [PeerJS] ❌ Error: network Lost connection to server. @ https://awesomekorean.com/build/assets/app-CnlAwIv4.js:47
[   36223ms] [WARNING] [PeerJS] Disconnected, reconnecting... @ https://awesomekorean.com/build/assets/app-CnlAwIv4.js:47
[   36737ms] [ERROR] WebSocket connection to 'wss://awesomekorean.com/peerjs/peerjs?key=peerjs&id=sk-202-oqvz&token=olco7kd592f&version=1.5.5' failed: Error during WebSocket handshake: Unexpected response code: 502 @ https://awesomekorean.com/build/assets/app-CnlAwIv4.js:47
[   36737ms] [ERROR] ERROR PeerJS:  Error: Lost connection to server. @ https://awesomekorean.com/build/assets/app-CnlAwIv4.js:47
[   36737ms] [ERROR] [PeerJS] ❌ Error: network Lost connection to server. @ https://awesomekorean.com/build/assets/app-CnlAwIv4.js:47
[   36738ms] [WARNING] [PeerJS] Disconnected, reconnecting... @ https://awesomekorean.com/build/assets/app-CnlAwIv4.js:47
[   38022ms] [ERROR] WebSocket connection to 'wss://awesomekorean.com/peerjs/peerjs?key=peerjs&id=sk-202-oqvz&token=olco7kd592f&version=1.5.5' failed: Error during WebSocket handshake: Unexpected response code: 502 @ https://awesomekorean.com/build/assets/app-CnlAwIv4.js:47
[   38022ms] [ERROR] ERROR PeerJS:  Error: Lost connection to server. @ https://awesomekorean.com/build/assets/app-CnlAwIv4.js:47
[   38022ms] [ERROR] [PeerJS] ❌ Error: network Lost connection to server. @ https://awesomekorean.com/build/assets/app-CnlAwIv4.js:47
[   38022ms] [WARNING] [PeerJS] Disconnected, reconnecting... @ https://awesomekorean.com/build/assets/app-CnlAwIv4.js:47
[   38539ms] [ERROR] WebSocket connection to 'wss://awesomekorean.com/peerjs/peerjs?key=peerjs&id=sk-202-oqvz&token=olco7kd592f&version=1.5.5' failed: Error during WebSocket handshake: Unexpected response code: 502 @ https://awesomekorean.com/build/assets/app-CnlAwIv4.js:47
[   38539ms] [ERROR] ERROR PeerJS:  Error: Lost connection to server. @ https://awesomekorean.com/build/assets/app-CnlAwIv4.js:47
[   38539ms] [ERROR] [PeerJS] ❌ Error: network Lost connection to server. @ https://awesomekorean.com/build/assets/app-CnlAwIv4.js:47
[   38540ms] [WARNING] [PeerJS] Disconnected, reconnecting... @ https://awesomekorean.com/build/assets/app-CnlAwIv4.js:47
[   39420ms] [ERROR] WebSocket connection to 'wss://awesomekorean.com/peerjs/peerjs?key=peerjs&id=sk-202-oqvz&token=olco7kd592f&version=1.5.5' failed: Error during WebSocket handshake: Unexpected response code: 502 @ https://awesomekorean.com/build/assets/app-CnlAwIv4.js:47
[   39420ms] [ERROR] ERROR PeerJS:  Error: Lost connection to server. @ https://awesomekorean.com/build/assets/app-CnlAwIv4.js:47
[   39420ms] [ERROR] [PeerJS] ❌ Error: network Lost connection to server. @ https://awesomekorean.com/build/assets/app-CnlAwIv4.js:47
[   39420ms] [WARNING] [PeerJS] Disconnected, reconnecting... @ https://awesomekorean.com/build/assets/app-CnlAwIv4.js:47
[   40778ms] [ERROR] WebSocket connection to 'wss://awesomekorean.com/peerjs/peerjs?key=peerjs&id=sk-202-oqvz&token=olco7kd592f&version=1.5.5' failed: Error during WebSocket handshake: Unexpected response code: 502 @ https://awesomekorean.com/build/assets/app-CnlAwIv4.js:47
[   40779ms] [ERROR] ERROR PeerJS:  Error: Lost connection to server. @ https://awesomekorean.com/build/assets/app-CnlAwIv4.js:47
[   40779ms] [ERROR] [PeerJS] ❌ Error: network Lost connection to server. @ https://awesomekorean.com/build/assets/app-CnlAwIv4.js:47
[   40779ms] [WARNING] [PeerJS] Disconnected, reconnecting... @ https://awesomekorean.com/build/assets/app-CnlAwIv4.js:47
[   41920ms] [ERROR] WebSocket connection to 'wss://awesomekorean.com/peerjs/peerjs?key=peerjs&id=sk-202-oqvz&token=olco7kd592f&version=1.5.5' failed: Error during WebSocket handshake: Unexpected response code: 502 @ https://awesomekorean.com/build/assets/app-CnlAwIv4.js:47
[   41920ms] [ERROR] ERROR PeerJS:  Error: Lost connection to server. @ https://awesomekorean.com/build/assets/app-CnlAwIv4.js:47
[   41920ms] [ERROR] [PeerJS] ❌ Error: network Lost connection to server. @ https://awesomekorean.com/build/assets/app-CnlAwIv4.js:47
[   41920ms] [WARNING] [PeerJS] Disconnected, reconnecting... @ https://awesomekorean.com/build/assets/app-CnlAwIv4.js:47
[   42861ms] [ERROR] WebSocket connection to 'wss://awesomekorean.com/peerjs/peerjs?key=peerjs&id=sk-202-oqvz&token=olco7kd592f&version=1.5.5' failed: Error during WebSocket handshake: Unexpected response code: 502 @ https://awesomekorean.com/build/assets/app-CnlAwIv4.js:47
[   42861ms] [ERROR] ERROR PeerJS:  Error: Lost connection to server. @ https://awesomekorean.com/build/assets/app-CnlAwIv4.js:47
[   42861ms] [ERROR] [PeerJS] ❌ Error: network Lost connection to server. @ https://awesomekorean.com/build/assets/app-CnlAwIv4.js:47
[   42862ms] [WARNING] [PeerJS] Disconnected, reconnecting... @ https://awesomekorean.com/build/assets/app-CnlAwIv4.js:47
[   44125ms] [ERROR] WebSocket connection to 'wss://awesomekorean.com/peerjs/peerjs?key=peerjs&id=sk-202-oqvz&token=olco7kd592f&version=1.5.5' failed: Error during WebSocket handshake: Unexpected response code: 502 @ https://awesomekorean.com/build/assets/app-CnlAwIv4.js:47
[   44125ms] [ERROR] ERROR PeerJS:  Error: Lost connection to server. @ https://awesomekorean.com/build/assets/app-CnlAwIv4.js:47
[   44125ms] [ERROR] [PeerJS] ❌ Error: network Lost connection to server. @ https://awesomekorean.com/build/assets/app-CnlAwIv4.js:47
[   44125ms] [WARNING] [PeerJS] Disconnected, reconnecting... @ https://awesomekorean.com/build/assets/app-CnlAwIv4.js:47
[   47495ms] [ERROR] WebSocket connection to 'wss://awesomekorean.com/peerjs/peerjs?key=peerjs&id=sk-202-oqvz&token=olco7kd592f&version=1.5.5' failed: Error during WebSocket handshake: Unexpected response code: 502 @ https://awesomekorean.com/build/assets/app-CnlAwIv4.js:47
[   47495ms] [ERROR] ERROR PeerJS:  Error: Lost connection to server. @ https://awesomekorean.com/build/assets/app-CnlAwIv4.js:47
[   47496ms] [ERROR] [PeerJS] ❌ Error: network Lost connection to server. @ https://awesomekorean.com/build/assets/app-CnlAwIv4.js:47
[   47496ms] [WARNING] [PeerJS] Disconnected, reconnecting... @ https://awesomekorean.com/build/assets/app-CnlAwIv4.js:47
[   49549ms] [ERROR] WebSocket connection to 'wss://awesomekorean.com/peerjs/peerjs?key=peerjs&id=sk-202-oqvz&token=olco7kd592f&version=1.5.5' failed: Error during WebSocket handshake: Unexpected response code: 502 @ https://awesomekorean.com/build/assets/app-CnlAwIv4.js:47
[   49549ms] [ERROR] ERROR PeerJS:  Error: Lost connection to server. @ https://awesomekorean.com/build/assets/app-CnlAwIv4.js:47
[   49550ms] [ERROR] [PeerJS] ❌ Error: network Lost connection to server. @ https://awesomekorean.com/build/assets/app-CnlAwIv4.js:47
[   49550ms] [WARNING] [PeerJS] Disconnected, reconnecting... @ https://awesomekorean.com/build/assets/app-CnlAwIv4.js:47
[   52709ms] [ERROR] WebSocket connection to 'wss://awesomekorean.com/peerjs/peerjs?key=peerjs&id=sk-202-oqvz&token=olco7kd592f&version=1.5.5' failed: Error during WebSocket handshake: Unexpected response code: 502 @ https://awesomekorean.com/build/assets/app-CnlAwIv4.js:47
[   52709ms] [ERROR] ERROR PeerJS:  Error: Lost connection to server. @ https://awesomekorean.com/build/assets/app-CnlAwIv4.js:47
[   52709ms] [ERROR] [PeerJS] ❌ Error: network Lost connection to server. @ https://awesomekorean.com/build/assets/app-CnlAwIv4.js:47
[   52709ms] [WARNING] [PeerJS] Disconnected, reconnecting... @ https://awesomekorean.com/build/assets/app-CnlAwIv4.js:47
[   55694ms] [ERROR] WebSocket connection to 'wss://awesomekorean.com/peerjs/peerjs?key=peerjs&id=sk-202-oqvz&token=olco7kd592f&version=1.5.5' failed: Error during WebSocket handshake: Unexpected response code: 502 @ https://awesomekorean.com/build/assets/app-CnlAwIv4.js:47
[   55694ms] [ERROR] ERROR PeerJS:  Error: Lost connection to server. @ https://awesomekorean.com/build/assets/app-CnlAwIv4.js:47
[   55694ms] [ERROR] [PeerJS] ❌ Error: network Lost connection to server. @ https://awesomekorean.com/build/assets/app-CnlAwIv4.js:47
[   55694ms] [WARNING] [PeerJS] Disconnected, reconnecting... @ https://awesomekorean.com/build/assets/app-CnlAwIv4.js:47
[   57726ms] [ERROR] WebSocket connection to 'wss://awesomekorean.com/peerjs/peerjs?key=peerjs&id=sk-202-oqvz&token=olco7kd592f&version=1.5.5' failed: Error during WebSocket handshake: Unexpected response code: 502 @ https://awesomekorean.com/build/assets/app-CnlAwIv4.js:47
[   57726ms] [ERROR] ERROR PeerJS:  Error: Lost connection to server. @ https://awesomekorean.com/build/assets/app-CnlAwIv4.js:47
[   57727ms] [ERROR] [PeerJS] ❌ Error: network Lost connection to server. @ https://awesomekorean.com/build/assets/app-CnlAwIv4.js:47
[   57727ms] [WARNING] [PeerJS] Disconnected, reconnecting... @ https://awesomekorean.com/build/assets/app-CnlAwIv4.js:47
