[    1007ms] [LOG] [CommHub] Initializing for user: 202 @ https://awesomekorean.com/build/assets/app-DeTOsOQ0.js:47
[    1008ms] [LOG] [PeerJS] Initializing as sk-202-mkhc @ https://awesomekorean.com/build/assets/app-DeTOsOQ0.js:47
[    1009ms] [WARNING] [PushService] Firebase config missing — push disabled @ https://awesomekorean.com/build/assets/app-DeTOsOQ0.js:47
[    1247ms] [ERROR] WebSocket connection to 'wss://awesomekorean.com/peerjs/peerjs?key=peerjs&id=sk-202-mkhc&token=civ06qvzqaj&version=1.5.5' failed: Error during WebSocket handshake: Unexpected response code: 502 @ https://awesomekorean.com/build/assets/app-DeTOsOQ0.js:47
[    1250ms] [ERROR] ERROR PeerJS:  Error: Lost connection to server. @ https://awesomekorean.com/build/assets/app-DeTOsOQ0.js:47
[    1251ms] [ERROR] [PeerJS] ❌ Error: network Lost connection to server. @ https://awesomekorean.com/build/assets/app-DeTOsOQ0.js:47
[    1251ms] [WARNING] [PeerJS] Disconnected, reconnecting... @ https://awesomekorean.com/build/assets/app-DeTOsOQ0.js:47
[    1375ms] [ERROR] WebSocket connection to 'wss://awesomekorean.com/peerjs/peerjs?key=peerjs&id=sk-202-mkhc&token=civ06qvzqaj&version=1.5.5' failed: Error during WebSocket handshake: Unexpected response code: 502 @ https://awesomekorean.com/build/assets/app-DeTOsOQ0.js:47
[    1375ms] [ERROR] ERROR PeerJS:  Error: Lost connection to server. @ https://awesomekorean.com/build/assets/app-DeTOsOQ0.js:47
[    1375ms] [ERROR] [PeerJS] ❌ Error: network Lost connection to server. @ https://awesomekorean.com/build/assets/app-DeTOsOQ0.js:47
[    1375ms] [WARNING] [PeerJS] Disconnected, reconnecting... @ https://awesomekorean.com/build/assets/app-DeTOsOQ0.js:47
[    1503ms] [ERROR] WebSocket connection to 'wss://awesomekorean.com/peerjs/peerjs?key=peerjs&id=sk-202-mkhc&token=civ06qvzqaj&version=1.5.5' failed: Error during WebSocket handshake: Unexpected response code: 502 @ https://awesomekorean.com/build/assets/app-DeTOsOQ0.js:47
[    1503ms] [ERROR] ERROR PeerJS:  Error: Lost connection to server. @ https://awesomekorean.com/build/assets/app-DeTOsOQ0.js:47
[    1503ms] [ERROR] [PeerJS] ❌ Error: network Lost connection to server. @ https://awesomekorean.com/build/assets/app-DeTOsOQ0.js:47
[    1503ms] [WARNING] [PeerJS] Disconnected, reconnecting... @ https://awesomekorean.com/build/assets/app-DeTOsOQ0.js:47
[    1640ms] [ERROR] WebSocket connection to 'wss://awesomekorean.com/peerjs/peerjs?key=peerjs&id=sk-202-mkhc&token=civ06qvzqaj&version=1.5.5' failed: Error during WebSocket handshake: Unexpected response code: 502 @ https://awesomekorean.com/build/assets/app-DeTOsOQ0.js:47
[    1640ms] [ERROR] ERROR PeerJS:  Error: Lost connection to server. @ https://awesomekorean.com/build/assets/app-DeTOsOQ0.js:47
[    1640ms] [ERROR] [PeerJS] ❌ Error: network Lost connection to server. @ https://awesomekorean.com/build/assets/app-DeTOsOQ0.js:47
[    1640ms] [WARNING] [PeerJS] Disconnected, reconnecting... @ https://awesomekorean.com/build/assets/app-DeTOsOQ0.js:47
[    1776ms] [ERROR] WebSocket connection to 'wss://awesomekorean.com/peerjs/peerjs?key=peerjs&id=sk-202-mkhc&token=civ06qvzqaj&version=1.5.5' failed: Error during WebSocket handshake: Unexpected response code: 502 @ https://awesomekorean.com/build/assets/app-DeTOsOQ0.js:47
[    1777ms] [ERROR] ERROR PeerJS:  Error: Lost connection to server. @ https://awesomekorean.com/build/assets/app-DeTOsOQ0.js:47
[    1777ms] [ERROR] [PeerJS] ❌ Error: network Lost connection to server. @ https://awesomekorean.com/build/assets/app-DeTOsOQ0.js:47
[    1777ms] [WARNING] [PeerJS] Disconnected, reconnecting... @ https://awesomekorean.com/build/assets/app-DeTOsOQ0.js:47
[    1920ms] [ERROR] WebSocket connection to 'wss://awesomekorean.com/peerjs/peerjs?key=peerjs&id=sk-202-mkhc&token=civ06qvzqaj&version=1.5.5' failed: Error during WebSocket handshake: Unexpected response code: 502 @ https://awesomekorean.com/build/assets/app-DeTOsOQ0.js:47
[    1920ms] [ERROR] ERROR PeerJS:  Error: Lost connection to server. @ https://awesomekorean.com/build/assets/app-DeTOsOQ0.js:47
[    1920ms] [ERROR] [PeerJS] ❌ Error: network Lost connection to server. @ https://awesomekorean.com/build/assets/app-DeTOsOQ0.js:47
[    1920ms] [WARNING] [PeerJS] Disconnected, reconnecting... @ https://awesomekorean.com/build/assets/app-DeTOsOQ0.js:47
[    2051ms] [ERROR] WebSocket connection to 'wss://awesomekorean.com/peerjs/peerjs?key=peerjs&id=sk-202-mkhc&token=civ06qvzqaj&version=1.5.5' failed: Error during WebSocket handshake: Unexpected response code: 502 @ https://awesomekorean.com/build/assets/app-DeTOsOQ0.js:47
[    2052ms] [ERROR] ERROR PeerJS:  Error: Lost connection to server. @ https://awesomekorean.com/build/assets/app-DeTOsOQ0.js:47
[    2052ms] [ERROR] [PeerJS] ❌ Error: network Lost connection to server. @ https://awesomekorean.com/build/assets/app-DeTOsOQ0.js:47
[    2052ms] [WARNING] [PeerJS] Disconnected, reconnecting... @ https://awesomekorean.com/build/assets/app-DeTOsOQ0.js:47
[    2201ms] [ERROR] WebSocket connection to 'wss://awesomekorean.com/peerjs/peerjs?key=peerjs&id=sk-202-mkhc&token=civ06qvzqaj&version=1.5.5' failed: Error during WebSocket handshake: Unexpected response code: 502 @ https://awesomekorean.com/build/assets/app-DeTOsOQ0.js:47
[    2202ms] [ERROR] ERROR PeerJS:  Error: Lost connection to server. @ https://awesomekorean.com/build/assets/app-DeTOsOQ0.js:47
[    2202ms] [ERROR] [PeerJS] ❌ Error: network Lost connection to server. @ https://awesomekorean.com/build/assets/app-DeTOsOQ0.js:47
[    2202ms] [WARNING] [PeerJS] Disconnected, reconnecting... @ https://awesomekorean.com/build/assets/app-DeTOsOQ0.js:47
[    2339ms] [ERROR] WebSocket connection to 'wss://awesomekorean.com/peerjs/peerjs?key=peerjs&id=sk-202-mkhc&token=civ06qvzqaj&version=1.5.5' failed: Error during WebSocket handshake: Unexpected response code: 502 @ https://awesomekorean.com/build/assets/app-DeTOsOQ0.js:47
[    2339ms] [ERROR] ERROR PeerJS:  Error: Lost connection to server. @ https://awesomekorean.com/build/assets/app-DeTOsOQ0.js:47
[    2340ms] [ERROR] [PeerJS] ❌ Error: network Lost connection to server. @ https://awesomekorean.com/build/assets/app-DeTOsOQ0.js:47
[    2340ms] [WARNING] [PeerJS] Disconnected, reconnecting... @ https://awesomekorean.com/build/assets/app-DeTOsOQ0.js:47
[    2475ms] [ERROR] WebSocket connection to 'wss://awesomekorean.com/peerjs/peerjs?key=peerjs&id=sk-202-mkhc&token=civ06qvzqaj&version=1.5.5' failed: Error during WebSocket handshake: Unexpected response code: 502 @ https://awesomekorean.com/build/assets/app-DeTOsOQ0.js:47
[    2475ms] [ERROR] ERROR PeerJS:  Error: Lost connection to server. @ https://awesomekorean.com/build/assets/app-DeTOsOQ0.js:47
[    2476ms] [ERROR] [PeerJS] ❌ Error: network Lost connection to server. @ https://awesomekorean.com/build/assets/app-DeTOsOQ0.js:47
[    2476ms] [WARNING] [PeerJS] Disconnected, reconnecting... @ https://awesomekorean.com/build/assets/app-DeTOsOQ0.js:47
[    2614ms] [ERROR] WebSocket connection to 'wss://awesomekorean.com/peerjs/peerjs?key=peerjs&id=sk-202-mkhc&token=civ06qvzqaj&version=1.5.5' failed: Error during WebSocket handshake: Unexpected response code: 502 @ https://awesomekorean.com/build/assets/app-DeTOsOQ0.js:47
[    2614ms] [ERROR] ERROR PeerJS:  Error: Lost connection to server. @ https://awesomekorean.com/build/assets/app-DeTOsOQ0.js:47
[    2615ms] [ERROR] [PeerJS] ❌ Error: network Lost connection to server. @ https://awesomekorean.com/build/assets/app-DeTOsOQ0.js:47
[    2615ms] [WARNING] [PeerJS] Disconnected, reconnecting... @ https://awesomekorean.com/build/assets/app-DeTOsOQ0.js:47
[    2749ms] [ERROR] WebSocket connection to 'wss://awesomekorean.com/peerjs/peerjs?key=peerjs&id=sk-202-mkhc&token=civ06qvzqaj&version=1.5.5' failed: Error during WebSocket handshake: Unexpected response code: 502 @ https://awesomekorean.com/build/assets/app-DeTOsOQ0.js:47
[    2750ms] [ERROR] ERROR PeerJS:  Error: Lost connection to server. @ https://awesomekorean.com/build/assets/app-DeTOsOQ0.js:47
[    2752ms] [ERROR] [PeerJS] ❌ Error: network Lost connection to server. @ https://awesomekorean.com/build/assets/app-DeTOsOQ0.js:47
[    2752ms] [WARNING] [PeerJS] Disconnected, reconnecting... @ https://awesomekorean.com/build/assets/app-DeTOsOQ0.js:47
[    2876ms] [ERROR] WebSocket connection to 'wss://awesomekorean.com/peerjs/peerjs?key=peerjs&id=sk-202-mkhc&token=civ06qvzqaj&version=1.5.5' failed: Error during WebSocket handshake: Unexpected response code: 502 @ https://awesomekorean.com/build/assets/app-DeTOsOQ0.js:47
[    2876ms] [ERROR] ERROR PeerJS:  Error: Lost connection to server. @ https://awesomekorean.com/build/assets/app-DeTOsOQ0.js:47
[    2877ms] [ERROR] [PeerJS] ❌ Error: network Lost connection to server. @ https://awesomekorean.com/build/assets/app-DeTOsOQ0.js:47
[    2877ms] [WARNING] [PeerJS] Disconnected, reconnecting... @ https://awesomekorean.com/build/assets/app-DeTOsOQ0.js:47
[    3005ms] [ERROR] WebSocket connection to 'wss://awesomekorean.com/peerjs/peerjs?key=peerjs&id=sk-202-mkhc&token=civ06qvzqaj&version=1.5.5' failed: Error during WebSocket handshake: Unexpected response code: 502 @ https://awesomekorean.com/build/assets/app-DeTOsOQ0.js:47
[    3005ms] [ERROR] ERROR PeerJS:  Error: Lost connection to server. @ https://awesomekorean.com/build/assets/app-DeTOsOQ0.js:47
[    3006ms] [ERROR] [PeerJS] ❌ Error: network Lost connection to server. @ https://awesomekorean.com/build/assets/app-DeTOsOQ0.js:47
[    3006ms] [WARNING] [PeerJS] Disconnected, reconnecting... @ https://awesomekorean.com/build/assets/app-DeTOsOQ0.js:47
[    3130ms] [ERROR] WebSocket connection to 'wss://awesomekorean.com/peerjs/peerjs?key=peerjs&id=sk-202-mkhc&token=civ06qvzqaj&version=1.5.5' failed: Error during WebSocket handshake: Unexpected response code: 502 @ https://awesomekorean.com/build/assets/app-DeTOsOQ0.js:47
[    3130ms] [ERROR] ERROR PeerJS:  Error: Lost connection to server. @ https://awesomekorean.com/build/assets/app-DeTOsOQ0.js:47
[    3131ms] [ERROR] [PeerJS] ❌ Error: network Lost connection to server. @ https://awesomekorean.com/build/assets/app-DeTOsOQ0.js:47
[    3131ms] [WARNING] [PeerJS] Disconnected, reconnecting... @ https://awesomekorean.com/build/assets/app-DeTOsOQ0.js:47
[    3261ms] [ERROR] WebSocket connection to 'wss://awesomekorean.com/peerjs/peerjs?key=peerjs&id=sk-202-mkhc&token=civ06qvzqaj&version=1.5.5' failed: Error during WebSocket handshake: Unexpected response code: 502 @ https://awesomekorean.com/build/assets/app-DeTOsOQ0.js:47
[    3261ms] [ERROR] ERROR PeerJS:  Error: Lost connection to server. @ https://awesomekorean.com/build/assets/app-DeTOsOQ0.js:47
[    3262ms] [ERROR] [PeerJS] ❌ Error: network Lost connection to server. @ https://awesomekorean.com/build/assets/app-DeTOsOQ0.js:47
[    3262ms] [WARNING] [PeerJS] Disconnected, reconnecting... @ https://awesomekorean.com/build/assets/app-DeTOsOQ0.js:47
[    3399ms] [ERROR] WebSocket connection to 'wss://awesomekorean.com/peerjs/peerjs?key=peerjs&id=sk-202-mkhc&token=civ06qvzqaj&version=1.5.5' failed: Error during WebSocket handshake: Unexpected response code: 502 @ https://awesomekorean.com/build/assets/app-DeTOsOQ0.js:47
[    3399ms] [ERROR] ERROR PeerJS:  Error: Lost connection to server. @ https://awesomekorean.com/build/assets/app-DeTOsOQ0.js:47
[    3399ms] [ERROR] [PeerJS] ❌ Error: network Lost connection to server. @ https://awesomekorean.com/build/assets/app-DeTOsOQ0.js:47
[    3399ms] [WARNING] [PeerJS] Disconnected, reconnecting... @ https://awesomekorean.com/build/assets/app-DeTOsOQ0.js:47
[    3538ms] [ERROR] WebSocket connection to 'wss://awesomekorean.com/peerjs/peerjs?key=peerjs&id=sk-202-mkhc&token=civ06qvzqaj&version=1.5.5' failed: Error during WebSocket handshake: Unexpected response code: 502 @ https://awesomekorean.com/build/assets/app-DeTOsOQ0.js:47
[    3538ms] [ERROR] ERROR PeerJS:  Error: Lost connection to server. @ https://awesomekorean.com/build/assets/app-DeTOsOQ0.js:47
[    3538ms] [ERROR] [PeerJS] ❌ Error: network Lost connection to server. @ https://awesomekorean.com/build/assets/app-DeTOsOQ0.js:47
[    3538ms] [WARNING] [PeerJS] Disconnected, reconnecting... @ https://awesomekorean.com/build/assets/app-DeTOsOQ0.js:47
[    3705ms] [ERROR] WebSocket connection to 'wss://awesomekorean.com/peerjs/peerjs?key=peerjs&id=sk-202-mkhc&token=civ06qvzqaj&version=1.5.5' failed: Error during WebSocket handshake: Unexpected response code: 502 @ https://awesomekorean.com/build/assets/app-DeTOsOQ0.js:47
[    3706ms] [ERROR] ERROR PeerJS:  Error: Lost connection to server. @ https://awesomekorean.com/build/assets/app-DeTOsOQ0.js:47
[    3707ms] [ERROR] [PeerJS] ❌ Error: network Lost connection to server. @ https://awesomekorean.com/build/assets/app-DeTOsOQ0.js:47
[    3707ms] [WARNING] [PeerJS] Disconnected, reconnecting... @ https://awesomekorean.com/build/assets/app-DeTOsOQ0.js:47
[    3849ms] [ERROR] WebSocket connection to 'wss://awesomekorean.com/peerjs/peerjs?key=peerjs&id=sk-202-mkhc&token=civ06qvzqaj&version=1.5.5' failed: Error during WebSocket handshake: Unexpected response code: 502 @ https://awesomekorean.com/build/assets/app-DeTOsOQ0.js:47
[    3849ms] [ERROR] ERROR PeerJS:  Error: Lost connection to server. @ https://awesomekorean.com/build/assets/app-DeTOsOQ0.js:47
[    3850ms] [ERROR] [PeerJS] ❌ Error: network Lost connection to server. @ https://awesomekorean.com/build/assets/app-DeTOsOQ0.js:47
[    3850ms] [WARNING] [PeerJS] Disconnected, reconnecting... @ https://awesomekorean.com/build/assets/app-DeTOsOQ0.js:47
[    4005ms] [ERROR] WebSocket connection to 'wss://awesomekorean.com/peerjs/peerjs?key=peerjs&id=sk-202-mkhc&token=civ06qvzqaj&version=1.5.5' failed: Error during WebSocket handshake: Unexpected response code: 502 @ https://awesomekorean.com/build/assets/app-DeTOsOQ0.js:47
[    4006ms] [ERROR] ERROR PeerJS:  Error: Lost connection to server. @ https://awesomekorean.com/build/assets/app-DeTOsOQ0.js:47
[    4006ms] [ERROR] [PeerJS] ❌ Error: network Lost connection to server. @ https://awesomekorean.com/build/assets/app-DeTOsOQ0.js:47
[    4006ms] [WARNING] [PeerJS] Disconnected, reconnecting... @ https://awesomekorean.com/build/assets/app-DeTOsOQ0.js:47
[    4151ms] [ERROR] WebSocket connection to 'wss://awesomekorean.com/peerjs/peerjs?key=peerjs&id=sk-202-mkhc&token=civ06qvzqaj&version=1.5.5' failed: Error during WebSocket handshake: Unexpected response code: 502 @ https://awesomekorean.com/build/assets/app-DeTOsOQ0.js:47
[    4153ms] [ERROR] ERROR PeerJS:  Error: Lost connection to server. @ https://awesomekorean.com/build/assets/app-DeTOsOQ0.js:47
[    4153ms] [ERROR] [PeerJS] ❌ Error: network Lost connection to server. @ https://awesomekorean.com/build/assets/app-DeTOsOQ0.js:47
[    4154ms] [WARNING] [PeerJS] Disconnected, reconnecting... @ https://awesomekorean.com/build/assets/app-DeTOsOQ0.js:47
[    4358ms] [ERROR] WebSocket connection to 'wss://awesomekorean.com/peerjs/peerjs?key=peerjs&id=sk-202-mkhc&token=civ06qvzqaj&version=1.5.5' failed: Error during WebSocket handshake: Unexpected response code: 502 @ https://awesomekorean.com/build/assets/app-DeTOsOQ0.js:47
[    4359ms] [ERROR] ERROR PeerJS:  Error: Lost connection to server. @ https://awesomekorean.com/build/assets/app-DeTOsOQ0.js:47
[    4359ms] [ERROR] [PeerJS] ❌ Error: network Lost connection to server. @ https://awesomekorean.com/build/assets/app-DeTOsOQ0.js:47
[    4359ms] [WARNING] [PeerJS] Disconnected, reconnecting... @ https://awesomekorean.com/build/assets/app-DeTOsOQ0.js:47
[    4616ms] [ERROR] WebSocket connection to 'wss://awesomekorean.com/peerjs/peerjs?key=peerjs&id=sk-202-mkhc&token=civ06qvzqaj&version=1.5.5' failed: Error during WebSocket handshake: Unexpected response code: 502 @ https://awesomekorean.com/build/assets/app-DeTOsOQ0.js:47
[    4616ms] [ERROR] ERROR PeerJS:  Error: Lost connection to server. @ https://awesomekorean.com/build/assets/app-DeTOsOQ0.js:47
[    4616ms] [ERROR] [PeerJS] ❌ Error: network Lost connection to server. @ https://awesomekorean.com/build/assets/app-DeTOsOQ0.js:47
[    4617ms] [WARNING] [PeerJS] Disconnected, reconnecting... @ https://awesomekorean.com/build/assets/app-DeTOsOQ0.js:47
[    4871ms] [ERROR] WebSocket connection to 'wss://awesomekorean.com/peerjs/peerjs?key=peerjs&id=sk-202-mkhc&token=civ06qvzqaj&version=1.5.5' failed: Error during WebSocket handshake: Unexpected response code: 502 @ https://awesomekorean.com/build/assets/app-DeTOsOQ0.js:47
[    4871ms] [ERROR] ERROR PeerJS:  Error: Lost connection to server. @ https://awesomekorean.com/build/assets/app-DeTOsOQ0.js:47
[    4871ms] [ERROR] [PeerJS] ❌ Error: network Lost connection to server. @ https://awesomekorean.com/build/assets/app-DeTOsOQ0.js:47
[    4872ms] [WARNING] [PeerJS] Disconnected, reconnecting... @ https://awesomekorean.com/build/assets/app-DeTOsOQ0.js:47
[    5182ms] [ERROR] WebSocket connection to 'wss://awesomekorean.com/peerjs/peerjs?key=peerjs&id=sk-202-mkhc&token=civ06qvzqaj&version=1.5.5' failed: Error during WebSocket handshake: Unexpected response code: 502 @ https://awesomekorean.com/build/assets/app-DeTOsOQ0.js:47
[    5182ms] [ERROR] ERROR PeerJS:  Error: Lost connection to server. @ https://awesomekorean.com/build/assets/app-DeTOsOQ0.js:47
[    5182ms] [ERROR] [PeerJS] ❌ Error: network Lost connection to server. @ https://awesomekorean.com/build/assets/app-DeTOsOQ0.js:47
[    5182ms] [WARNING] [PeerJS] Disconnected, reconnecting... @ https://awesomekorean.com/build/assets/app-DeTOsOQ0.js:47
[    5748ms] [ERROR] WebSocket connection to 'wss://awesomekorean.com/peerjs/peerjs?key=peerjs&id=sk-202-mkhc&token=civ06qvzqaj&version=1.5.5' failed: Error during WebSocket handshake: Unexpected response code: 502 @ https://awesomekorean.com/build/assets/app-DeTOsOQ0.js:47
[    5748ms] [ERROR] ERROR PeerJS:  Error: Lost connection to server. @ https://awesomekorean.com/build/assets/app-DeTOsOQ0.js:47
[    5748ms] [ERROR] [PeerJS] ❌ Error: network Lost connection to server. @ https://awesomekorean.com/build/assets/app-DeTOsOQ0.js:47
[    5748ms] [WARNING] [PeerJS] Disconnected, reconnecting... @ https://awesomekorean.com/build/assets/app-DeTOsOQ0.js:47
[    6002ms] [ERROR] WebSocket connection to 'wss://awesomekorean.com/peerjs/peerjs?key=peerjs&id=sk-202-mkhc&token=civ06qvzqaj&version=1.5.5' failed: Error during WebSocket handshake: Unexpected response code: 502 @ https://awesomekorean.com/build/assets/app-DeTOsOQ0.js:47
[    6002ms] [ERROR] ERROR PeerJS:  Error: Lost connection to server. @ https://awesomekorean.com/build/assets/app-DeTOsOQ0.js:47
[    6002ms] [ERROR] [PeerJS] ❌ Error: network Lost connection to server. @ https://awesomekorean.com/build/assets/app-DeTOsOQ0.js:47
[    6002ms] [WARNING] [PeerJS] Disconnected, reconnecting... @ https://awesomekorean.com/build/assets/app-DeTOsOQ0.js:47
[    6511ms] [ERROR] WebSocket connection to 'wss://awesomekorean.com/peerjs/peerjs?key=peerjs&id=sk-202-mkhc&token=civ06qvzqaj&version=1.5.5' failed: Error during WebSocket handshake: Unexpected response code: 502 @ https://awesomekorean.com/build/assets/app-DeTOsOQ0.js:47
[    6511ms] [ERROR] ERROR PeerJS:  Error: Lost connection to server. @ https://awesomekorean.com/build/assets/app-DeTOsOQ0.js:47
[    6512ms] [ERROR] [PeerJS] ❌ Error: network Lost connection to server. @ https://awesomekorean.com/build/assets/app-DeTOsOQ0.js:47
[    6512ms] [WARNING] [PeerJS] Disconnected, reconnecting... @ https://awesomekorean.com/build/assets/app-DeTOsOQ0.js:47
[    7812ms] [ERROR] WebSocket connection to 'wss://awesomekorean.com/peerjs/peerjs?key=peerjs&id=sk-202-mkhc&token=civ06qvzqaj&version=1.5.5' failed: Error during WebSocket handshake: Unexpected response code: 502 @ https://awesomekorean.com/build/assets/app-DeTOsOQ0.js:47
[    7812ms] [ERROR] ERROR PeerJS:  Error: Lost connection to server. @ https://awesomekorean.com/build/assets/app-DeTOsOQ0.js:47
[    7812ms] [ERROR] [PeerJS] ❌ Error: network Lost connection to server. @ https://awesomekorean.com/build/assets/app-DeTOsOQ0.js:47
[    7812ms] [WARNING] [PeerJS] Disconnected, reconnecting... @ https://awesomekorean.com/build/assets/app-DeTOsOQ0.js:47
[    9666ms] [ERROR] WebSocket connection to 'wss://awesomekorean.com/peerjs/peerjs?key=peerjs&id=sk-202-mkhc&token=civ06qvzqaj&version=1.5.5' failed: Error during WebSocket handshake: Unexpected response code: 502 @ https://awesomekorean.com/build/assets/app-DeTOsOQ0.js:47
[    9667ms] [ERROR] ERROR PeerJS:  Error: Lost connection to server. @ https://awesomekorean.com/build/assets/app-DeTOsOQ0.js:47
[    9667ms] [ERROR] [PeerJS] ❌ Error: network Lost connection to server. @ https://awesomekorean.com/build/assets/app-DeTOsOQ0.js:47
[    9667ms] [WARNING] [PeerJS] Disconnected, reconnecting... @ https://awesomekorean.com/build/assets/app-DeTOsOQ0.js:47
[   10413ms] [ERROR] WebSocket connection to 'wss://awesomekorean.com/peerjs/peerjs?key=peerjs&id=sk-202-mkhc&token=civ06qvzqaj&version=1.5.5' failed: Error during WebSocket handshake: Unexpected response code: 502 @ https://awesomekorean.com/build/assets/app-DeTOsOQ0.js:47
[   10413ms] [ERROR] ERROR PeerJS:  Error: Lost connection to server. @ https://awesomekorean.com/build/assets/app-DeTOsOQ0.js:47
[   10414ms] [ERROR] [PeerJS] ❌ Error: network Lost connection to server. @ https://awesomekorean.com/build/assets/app-DeTOsOQ0.js:47
[   10414ms] [WARNING] [PeerJS] Disconnected, reconnecting... @ https://awesomekorean.com/build/assets/app-DeTOsOQ0.js:47
