[     460ms] [LOG] [CommHub] Initializing for user: 202 @ https://awesomekorean.com/build/assets/app-Bi6Os44c.js:47
[     461ms] [LOG] [PeerJS] Initializing as sk-202-0eb9 @ https://awesomekorean.com/build/assets/app-Bi6Os44c.js:47
[     463ms] [WARNING] [PushService] Firebase config missing — push disabled @ https://awesomekorean.com/build/assets/app-Bi6Os44c.js:47
[     734ms] [ERROR] WebSocket connection to 'wss://awesomekorean.com/peerjs/peerjs?key=peerjs&id=sk-202-0eb9&token=l8g1ss1z2zc&version=1.5.5' failed: Error during WebSocket handshake: Unexpected response code: 502 @ https://awesomekorean.com/build/assets/app-Bi6Os44c.js:47
[     735ms] [ERROR] ERROR PeerJS:  Error: Lost connection to server. @ https://awesomekorean.com/build/assets/app-Bi6Os44c.js:47
[     735ms] [ERROR] [PeerJS] ❌ Error: network Lost connection to server. @ https://awesomekorean.com/build/assets/app-Bi6Os44c.js:47
[     735ms] [WARNING] [PeerJS] Disconnected, reconnecting... @ https://awesomekorean.com/build/assets/app-Bi6Os44c.js:47
[     895ms] [ERROR] WebSocket connection to 'wss://awesomekorean.com/peerjs/peerjs?key=peerjs&id=sk-202-0eb9&token=l8g1ss1z2zc&version=1.5.5' failed: Error during WebSocket handshake: Unexpected response code: 502 @ https://awesomekorean.com/build/assets/app-Bi6Os44c.js:47
[     898ms] [ERROR] ERROR PeerJS:  Error: Lost connection to server. @ https://awesomekorean.com/build/assets/app-Bi6Os44c.js:47
[     898ms] [ERROR] [PeerJS] ❌ Error: network Lost connection to server. @ https://awesomekorean.com/build/assets/app-Bi6Os44c.js:47
[     898ms] [WARNING] [PeerJS] Disconnected, reconnecting... @ https://awesomekorean.com/build/assets/app-Bi6Os44c.js:47
[    1068ms] [ERROR] WebSocket connection to 'wss://awesomekorean.com/peerjs/peerjs?key=peerjs&id=sk-202-0eb9&token=l8g1ss1z2zc&version=1.5.5' failed: Error during WebSocket handshake: Unexpected response code: 502 @ https://awesomekorean.com/build/assets/app-Bi6Os44c.js:47
[    1069ms] [ERROR] ERROR PeerJS:  Error: Lost connection to server. @ https://awesomekorean.com/build/assets/app-Bi6Os44c.js:47
[    1069ms] [ERROR] [PeerJS] ❌ Error: network Lost connection to server. @ https://awesomekorean.com/build/assets/app-Bi6Os44c.js:47
[    1069ms] [WARNING] [PeerJS] Disconnected, reconnecting... @ https://awesomekorean.com/build/assets/app-Bi6Os44c.js:47
[    1111ms] [VERBOSE] [DOM] Password field is not contained in a form: (More info: https://goo.gl/9p2vKq) %o @ https://awesomekorean.com/dashboard?v=fresh2:0
[    1111ms] [VERBOSE] [DOM] Password field is not contained in a form: (More info: https://goo.gl/9p2vKq) %o @ https://awesomekorean.com/dashboard?v=fresh2:0
[    1111ms] [VERBOSE] [DOM] Password field is not contained in a form: (More info: https://goo.gl/9p2vKq) %o @ https://awesomekorean.com/dashboard?v=fresh2:0
[    1181ms] [ERROR] WebSocket connection to 'wss://awesomekorean.com/peerjs/peerjs?key=peerjs&id=sk-202-0eb9&token=l8g1ss1z2zc&version=1.5.5' failed: Error during WebSocket handshake: Unexpected response code: 502 @ https://awesomekorean.com/build/assets/app-Bi6Os44c.js:47
[    1181ms] [ERROR] ERROR PeerJS:  Error: Lost connection to server. @ https://awesomekorean.com/build/assets/app-Bi6Os44c.js:47
[    1181ms] [ERROR] [PeerJS] ❌ Error: network Lost connection to server. @ https://awesomekorean.com/build/assets/app-Bi6Os44c.js:47
[    1181ms] [WARNING] [PeerJS] Disconnected, reconnecting... @ https://awesomekorean.com/build/assets/app-Bi6Os44c.js:47
[    1310ms] [ERROR] WebSocket connection to 'wss://awesomekorean.com/peerjs/peerjs?key=peerjs&id=sk-202-0eb9&token=l8g1ss1z2zc&version=1.5.5' failed: Error during WebSocket handshake: Unexpected response code: 502 @ https://awesomekorean.com/build/assets/app-Bi6Os44c.js:47
[    1310ms] [ERROR] ERROR PeerJS:  Error: Lost connection to server. @ https://awesomekorean.com/build/assets/app-Bi6Os44c.js:47
[    1311ms] [ERROR] [PeerJS] ❌ Error: network Lost connection to server. @ https://awesomekorean.com/build/assets/app-Bi6Os44c.js:47
[    1311ms] [WARNING] [PeerJS] Disconnected, reconnecting... @ https://awesomekorean.com/build/assets/app-Bi6Os44c.js:47
[    1434ms] [ERROR] WebSocket connection to 'wss://awesomekorean.com/peerjs/peerjs?key=peerjs&id=sk-202-0eb9&token=l8g1ss1z2zc&version=1.5.5' failed: Error during WebSocket handshake: Unexpected response code: 502 @ https://awesomekorean.com/build/assets/app-Bi6Os44c.js:47
[    1435ms] [ERROR] ERROR PeerJS:  Error: Lost connection to server. @ https://awesomekorean.com/build/assets/app-Bi6Os44c.js:47
[    1436ms] [ERROR] [PeerJS] ❌ Error: network Lost connection to server. @ https://awesomekorean.com/build/assets/app-Bi6Os44c.js:47
[    1436ms] [WARNING] [PeerJS] Disconnected, reconnecting... @ https://awesomekorean.com/build/assets/app-Bi6Os44c.js:47
[    1556ms] [ERROR] WebSocket connection to 'wss://awesomekorean.com/peerjs/peerjs?key=peerjs&id=sk-202-0eb9&token=l8g1ss1z2zc&version=1.5.5' failed: Error during WebSocket handshake: Unexpected response code: 502 @ https://awesomekorean.com/build/assets/app-Bi6Os44c.js:47
[    1556ms] [ERROR] ERROR PeerJS:  Error: Lost connection to server. @ https://awesomekorean.com/build/assets/app-Bi6Os44c.js:47
[    1556ms] [ERROR] [PeerJS] ❌ Error: network Lost connection to server. @ https://awesomekorean.com/build/assets/app-Bi6Os44c.js:47
[    1556ms] [WARNING] [PeerJS] Disconnected, reconnecting... @ https://awesomekorean.com/build/assets/app-Bi6Os44c.js:47
[    1680ms] [ERROR] WebSocket connection to 'wss://awesomekorean.com/peerjs/peerjs?key=peerjs&id=sk-202-0eb9&token=l8g1ss1z2zc&version=1.5.5' failed: Error during WebSocket handshake: Unexpected response code: 502 @ https://awesomekorean.com/build/assets/app-Bi6Os44c.js:47
[    1681ms] [ERROR] ERROR PeerJS:  Error: Lost connection to server. @ https://awesomekorean.com/build/assets/app-Bi6Os44c.js:47
[    1681ms] [ERROR] [PeerJS] ❌ Error: network Lost connection to server. @ https://awesomekorean.com/build/assets/app-Bi6Os44c.js:47
[    1681ms] [WARNING] [PeerJS] Disconnected, reconnecting... @ https://awesomekorean.com/build/assets/app-Bi6Os44c.js:47
[    1807ms] [ERROR] WebSocket connection to 'wss://awesomekorean.com/peerjs/peerjs?key=peerjs&id=sk-202-0eb9&token=l8g1ss1z2zc&version=1.5.5' failed: Error during WebSocket handshake: Unexpected response code: 502 @ https://awesomekorean.com/build/assets/app-Bi6Os44c.js:47
[    1807ms] [ERROR] ERROR PeerJS:  Error: Lost connection to server. @ https://awesomekorean.com/build/assets/app-Bi6Os44c.js:47
[    1808ms] [ERROR] [PeerJS] ❌ Error: network Lost connection to server. @ https://awesomekorean.com/build/assets/app-Bi6Os44c.js:47
[    1808ms] [WARNING] [PeerJS] Disconnected, reconnecting... @ https://awesomekorean.com/build/assets/app-Bi6Os44c.js:47
[    1935ms] [ERROR] WebSocket connection to 'wss://awesomekorean.com/peerjs/peerjs?key=peerjs&id=sk-202-0eb9&token=l8g1ss1z2zc&version=1.5.5' failed: Error during WebSocket handshake: Unexpected response code: 502 @ https://awesomekorean.com/build/assets/app-Bi6Os44c.js:47
[    1935ms] [ERROR] ERROR PeerJS:  Error: Lost connection to server. @ https://awesomekorean.com/build/assets/app-Bi6Os44c.js:47
[    1936ms] [ERROR] [PeerJS] ❌ Error: network Lost connection to server. @ https://awesomekorean.com/build/assets/app-Bi6Os44c.js:47
[    1936ms] [WARNING] [PeerJS] Disconnected, reconnecting... @ https://awesomekorean.com/build/assets/app-Bi6Os44c.js:47
[    2067ms] [ERROR] WebSocket connection to 'wss://awesomekorean.com/peerjs/peerjs?key=peerjs&id=sk-202-0eb9&token=l8g1ss1z2zc&version=1.5.5' failed: Error during WebSocket handshake: Unexpected response code: 502 @ https://awesomekorean.com/build/assets/app-Bi6Os44c.js:47
[    2067ms] [ERROR] ERROR PeerJS:  Error: Lost connection to server. @ https://awesomekorean.com/build/assets/app-Bi6Os44c.js:47
[    2067ms] [ERROR] [PeerJS] ❌ Error: network Lost connection to server. @ https://awesomekorean.com/build/assets/app-Bi6Os44c.js:47
[    2068ms] [WARNING] [PeerJS] Disconnected, reconnecting... @ https://awesomekorean.com/build/assets/app-Bi6Os44c.js:47
[    2198ms] [ERROR] WebSocket connection to 'wss://awesomekorean.com/peerjs/peerjs?key=peerjs&id=sk-202-0eb9&token=l8g1ss1z2zc&version=1.5.5' failed: Error during WebSocket handshake: Unexpected response code: 502 @ https://awesomekorean.com/build/assets/app-Bi6Os44c.js:47
[    2199ms] [ERROR] ERROR PeerJS:  Error: Lost connection to server. @ https://awesomekorean.com/build/assets/app-Bi6Os44c.js:47
[    2200ms] [ERROR] [PeerJS] ❌ Error: network Lost connection to server. @ https://awesomekorean.com/build/assets/app-Bi6Os44c.js:47
[    2200ms] [WARNING] [PeerJS] Disconnected, reconnecting... @ https://awesomekorean.com/build/assets/app-Bi6Os44c.js:47
[    2322ms] [ERROR] WebSocket connection to 'wss://awesomekorean.com/peerjs/peerjs?key=peerjs&id=sk-202-0eb9&token=l8g1ss1z2zc&version=1.5.5' failed: Error during WebSocket handshake: Unexpected response code: 502 @ https://awesomekorean.com/build/assets/app-Bi6Os44c.js:47
[    2323ms] [ERROR] ERROR PeerJS:  Error: Lost connection to server. @ https://awesomekorean.com/build/assets/app-Bi6Os44c.js:47
[    2323ms] [ERROR] [PeerJS] ❌ Error: network Lost connection to server. @ https://awesomekorean.com/build/assets/app-Bi6Os44c.js:47
[    2323ms] [WARNING] [PeerJS] Disconnected, reconnecting... @ https://awesomekorean.com/build/assets/app-Bi6Os44c.js:47
[    2451ms] [ERROR] WebSocket connection to 'wss://awesomekorean.com/peerjs/peerjs?key=peerjs&id=sk-202-0eb9&token=l8g1ss1z2zc&version=1.5.5' failed: Error during WebSocket handshake: Unexpected response code: 502 @ https://awesomekorean.com/build/assets/app-Bi6Os44c.js:47
[    2451ms] [ERROR] ERROR PeerJS:  Error: Lost connection to server. @ https://awesomekorean.com/build/assets/app-Bi6Os44c.js:47
[    2452ms] [ERROR] [PeerJS] ❌ Error: network Lost connection to server. @ https://awesomekorean.com/build/assets/app-Bi6Os44c.js:47
[    2453ms] [WARNING] [PeerJS] Disconnected, reconnecting... @ https://awesomekorean.com/build/assets/app-Bi6Os44c.js:47
[    2569ms] [ERROR] WebSocket connection to 'wss://awesomekorean.com/peerjs/peerjs?key=peerjs&id=sk-202-0eb9&token=l8g1ss1z2zc&version=1.5.5' failed: Error during WebSocket handshake: Unexpected response code: 502 @ https://awesomekorean.com/build/assets/app-Bi6Os44c.js:47
[    2569ms] [ERROR] ERROR PeerJS:  Error: Lost connection to server. @ https://awesomekorean.com/build/assets/app-Bi6Os44c.js:47
[    2570ms] [ERROR] [PeerJS] ❌ Error: network Lost connection to server. @ https://awesomekorean.com/build/assets/app-Bi6Os44c.js:47
[    2570ms] [WARNING] [PeerJS] Disconnected, reconnecting... @ https://awesomekorean.com/build/assets/app-Bi6Os44c.js:47
[    2703ms] [ERROR] WebSocket connection to 'wss://awesomekorean.com/peerjs/peerjs?key=peerjs&id=sk-202-0eb9&token=l8g1ss1z2zc&version=1.5.5' failed: Error during WebSocket handshake: Unexpected response code: 502 @ https://awesomekorean.com/build/assets/app-Bi6Os44c.js:47
[    2703ms] [ERROR] ERROR PeerJS:  Error: Lost connection to server. @ https://awesomekorean.com/build/assets/app-Bi6Os44c.js:47
[    2703ms] [ERROR] [PeerJS] ❌ Error: network Lost connection to server. @ https://awesomekorean.com/build/assets/app-Bi6Os44c.js:47
[    2703ms] [WARNING] [PeerJS] Disconnected, reconnecting... @ https://awesomekorean.com/build/assets/app-Bi6Os44c.js:47
[    2842ms] [ERROR] WebSocket connection to 'wss://awesomekorean.com/peerjs/peerjs?key=peerjs&id=sk-202-0eb9&token=l8g1ss1z2zc&version=1.5.5' failed: Error during WebSocket handshake: Unexpected response code: 502 @ https://awesomekorean.com/build/assets/app-Bi6Os44c.js:47
[    2842ms] [ERROR] ERROR PeerJS:  Error: Lost connection to server. @ https://awesomekorean.com/build/assets/app-Bi6Os44c.js:47
[    2842ms] [ERROR] [PeerJS] ❌ Error: network Lost connection to server. @ https://awesomekorean.com/build/assets/app-Bi6Os44c.js:47
[    2842ms] [WARNING] [PeerJS] Disconnected, reconnecting... @ https://awesomekorean.com/build/assets/app-Bi6Os44c.js:47
[    2969ms] [ERROR] WebSocket connection to 'wss://awesomekorean.com/peerjs/peerjs?key=peerjs&id=sk-202-0eb9&token=l8g1ss1z2zc&version=1.5.5' failed: Error during WebSocket handshake: Unexpected response code: 502 @ https://awesomekorean.com/build/assets/app-Bi6Os44c.js:47
[    2969ms] [ERROR] ERROR PeerJS:  Error: Lost connection to server. @ https://awesomekorean.com/build/assets/app-Bi6Os44c.js:47
[    2969ms] [ERROR] [PeerJS] ❌ Error: network Lost connection to server. @ https://awesomekorean.com/build/assets/app-Bi6Os44c.js:47
[    2970ms] [WARNING] [PeerJS] Disconnected, reconnecting... @ https://awesomekorean.com/build/assets/app-Bi6Os44c.js:47
[    3123ms] [ERROR] WebSocket connection to 'wss://awesomekorean.com/peerjs/peerjs?key=peerjs&id=sk-202-0eb9&token=l8g1ss1z2zc&version=1.5.5' failed: Error during WebSocket handshake: Unexpected response code: 502 @ https://awesomekorean.com/build/assets/app-Bi6Os44c.js:47
[    3123ms] [ERROR] ERROR PeerJS:  Error: Lost connection to server. @ https://awesomekorean.com/build/assets/app-Bi6Os44c.js:47
[    3123ms] [ERROR] [PeerJS] ❌ Error: network Lost connection to server. @ https://awesomekorean.com/build/assets/app-Bi6Os44c.js:47
[    3123ms] [WARNING] [PeerJS] Disconnected, reconnecting... @ https://awesomekorean.com/build/assets/app-Bi6Os44c.js:47
[    3278ms] [ERROR] WebSocket connection to 'wss://awesomekorean.com/peerjs/peerjs?key=peerjs&id=sk-202-0eb9&token=l8g1ss1z2zc&version=1.5.5' failed: Error during WebSocket handshake: Unexpected response code: 502 @ https://awesomekorean.com/build/assets/app-Bi6Os44c.js:47
[    3278ms] [ERROR] ERROR PeerJS:  Error: Lost connection to server. @ https://awesomekorean.com/build/assets/app-Bi6Os44c.js:47
[    3278ms] [ERROR] [PeerJS] ❌ Error: network Lost connection to server. @ https://awesomekorean.com/build/assets/app-Bi6Os44c.js:47
[    3279ms] [WARNING] [PeerJS] Disconnected, reconnecting... @ https://awesomekorean.com/build/assets/app-Bi6Os44c.js:47
[    3423ms] [ERROR] WebSocket connection to 'wss://awesomekorean.com/peerjs/peerjs?key=peerjs&id=sk-202-0eb9&token=l8g1ss1z2zc&version=1.5.5' failed: Error during WebSocket handshake: Unexpected response code: 502 @ https://awesomekorean.com/build/assets/app-Bi6Os44c.js:47
[    3424ms] [ERROR] ERROR PeerJS:  Error: Lost connection to server. @ https://awesomekorean.com/build/assets/app-Bi6Os44c.js:47
[    3424ms] [ERROR] [PeerJS] ❌ Error: network Lost connection to server. @ https://awesomekorean.com/build/assets/app-Bi6Os44c.js:47
[    3424ms] [WARNING] [PeerJS] Disconnected, reconnecting... @ https://awesomekorean.com/build/assets/app-Bi6Os44c.js:47
[    3564ms] [ERROR] WebSocket connection to 'wss://awesomekorean.com/peerjs/peerjs?key=peerjs&id=sk-202-0eb9&token=l8g1ss1z2zc&version=1.5.5' failed: Error during WebSocket handshake: Unexpected response code: 502 @ https://awesomekorean.com/build/assets/app-Bi6Os44c.js:47
[    3564ms] [ERROR] ERROR PeerJS:  Error: Lost connection to server. @ https://awesomekorean.com/build/assets/app-Bi6Os44c.js:47
[    3564ms] [ERROR] [PeerJS] ❌ Error: network Lost connection to server. @ https://awesomekorean.com/build/assets/app-Bi6Os44c.js:47
[    3564ms] [WARNING] [PeerJS] Disconnected, reconnecting... @ https://awesomekorean.com/build/assets/app-Bi6Os44c.js:47
[    3719ms] [ERROR] WebSocket connection to 'wss://awesomekorean.com/peerjs/peerjs?key=peerjs&id=sk-202-0eb9&token=l8g1ss1z2zc&version=1.5.5' failed: Error during WebSocket handshake: Unexpected response code: 502 @ https://awesomekorean.com/build/assets/app-Bi6Os44c.js:47
[    3719ms] [ERROR] ERROR PeerJS:  Error: Lost connection to server. @ https://awesomekorean.com/build/assets/app-Bi6Os44c.js:47
[    3720ms] [ERROR] [PeerJS] ❌ Error: network Lost connection to server. @ https://awesomekorean.com/build/assets/app-Bi6Os44c.js:47
[    3720ms] [WARNING] [PeerJS] Disconnected, reconnecting... @ https://awesomekorean.com/build/assets/app-Bi6Os44c.js:47
[    3952ms] [ERROR] WebSocket connection to 'wss://awesomekorean.com/peerjs/peerjs?key=peerjs&id=sk-202-0eb9&token=l8g1ss1z2zc&version=1.5.5' failed: Error during WebSocket handshake: Unexpected response code: 502 @ https://awesomekorean.com/build/assets/app-Bi6Os44c.js:47
[    3952ms] [ERROR] ERROR PeerJS:  Error: Lost connection to server. @ https://awesomekorean.com/build/assets/app-Bi6Os44c.js:47
[    3952ms] [ERROR] [PeerJS] ❌ Error: network Lost connection to server. @ https://awesomekorean.com/build/assets/app-Bi6Os44c.js:47
[    3952ms] [WARNING] [PeerJS] Disconnected, reconnecting... @ https://awesomekorean.com/build/assets/app-Bi6Os44c.js:47
[    4323ms] [ERROR] WebSocket connection to 'wss://awesomekorean.com/peerjs/peerjs?key=peerjs&id=sk-202-0eb9&token=l8g1ss1z2zc&version=1.5.5' failed: Error during WebSocket handshake: Unexpected response code: 502 @ https://awesomekorean.com/build/assets/app-Bi6Os44c.js:47
[    4323ms] [ERROR] ERROR PeerJS:  Error: Lost connection to server. @ https://awesomekorean.com/build/assets/app-Bi6Os44c.js:47
[    4323ms] [ERROR] [PeerJS] ❌ Error: network Lost connection to server. @ https://awesomekorean.com/build/assets/app-Bi6Os44c.js:47
[    4323ms] [WARNING] [PeerJS] Disconnected, reconnecting... @ https://awesomekorean.com/build/assets/app-Bi6Os44c.js:47
[    4509ms] [ERROR] WebSocket connection to 'wss://awesomekorean.com/peerjs/peerjs?key=peerjs&id=sk-202-0eb9&token=l8g1ss1z2zc&version=1.5.5' failed: Error during WebSocket handshake: Unexpected response code: 502 @ https://awesomekorean.com/build/assets/app-Bi6Os44c.js:47
[    4509ms] [ERROR] ERROR PeerJS:  Error: Lost connection to server. @ https://awesomekorean.com/build/assets/app-Bi6Os44c.js:47
[    4509ms] [ERROR] [PeerJS] ❌ Error: network Lost connection to server. @ https://awesomekorean.com/build/assets/app-Bi6Os44c.js:47
[    4509ms] [WARNING] [PeerJS] Disconnected, reconnecting... @ https://awesomekorean.com/build/assets/app-Bi6Os44c.js:47
[    5193ms] [ERROR] WebSocket connection to 'wss://awesomekorean.com/peerjs/peerjs?key=peerjs&id=sk-202-0eb9&token=l8g1ss1z2zc&version=1.5.5' failed: Error during WebSocket handshake: Unexpected response code: 502 @ https://awesomekorean.com/build/assets/app-Bi6Os44c.js:47
[    5193ms] [ERROR] ERROR PeerJS:  Error: Lost connection to server. @ https://awesomekorean.com/build/assets/app-Bi6Os44c.js:47
[    5193ms] [ERROR] [PeerJS] ❌ Error: network Lost connection to server. @ https://awesomekorean.com/build/assets/app-Bi6Os44c.js:47
[    5193ms] [WARNING] [PeerJS] Disconnected, reconnecting... @ https://awesomekorean.com/build/assets/app-Bi6Os44c.js:47
[    5522ms] [ERROR] WebSocket connection to 'wss://awesomekorean.com/peerjs/peerjs?key=peerjs&id=sk-202-0eb9&token=l8g1ss1z2zc&version=1.5.5' failed: Error during WebSocket handshake: Unexpected response code: 502 @ https://awesomekorean.com/build/assets/app-Bi6Os44c.js:47
[    5522ms] [ERROR] ERROR PeerJS:  Error: Lost connection to server. @ https://awesomekorean.com/build/assets/app-Bi6Os44c.js:47
[    5522ms] [ERROR] [PeerJS] ❌ Error: network Lost connection to server. @ https://awesomekorean.com/build/assets/app-Bi6Os44c.js:47
[    5523ms] [WARNING] [PeerJS] Disconnected, reconnecting... @ https://awesomekorean.com/build/assets/app-Bi6Os44c.js:47
[    5562ms] [LOG] [Ringtone] <audio> source pre-loaded (no play) @ https://awesomekorean.com/build/assets/app-Bi6Os44c.js:47
[    6089ms] [ERROR] WebSocket connection to 'wss://awesomekorean.com/peerjs/peerjs?key=peerjs&id=sk-202-0eb9&token=l8g1ss1z2zc&version=1.5.5' failed: Error during WebSocket handshake: Unexpected response code: 502 @ https://awesomekorean.com/build/assets/app-Bi6Os44c.js:47
[    6089ms] [ERROR] ERROR PeerJS:  Error: Lost connection to server. @ https://awesomekorean.com/build/assets/app-Bi6Os44c.js:47
[    6090ms] [ERROR] [PeerJS] ❌ Error: network Lost connection to server. @ https://awesomekorean.com/build/assets/app-Bi6Os44c.js:47
[    6090ms] [WARNING] [PeerJS] Disconnected, reconnecting... @ https://awesomekorean.com/build/assets/app-Bi6Os44c.js:47
[    7212ms] [ERROR] WebSocket connection to 'wss://awesomekorean.com/peerjs/peerjs?key=peerjs&id=sk-202-0eb9&token=l8g1ss1z2zc&version=1.5.5' failed: Error during WebSocket handshake: Unexpected response code: 502 @ https://awesomekorean.com/build/assets/app-Bi6Os44c.js:47
[    7212ms] [ERROR] ERROR PeerJS:  Error: Lost connection to server. @ https://awesomekorean.com/build/assets/app-Bi6Os44c.js:47
[    7212ms] [ERROR] [PeerJS] ❌ Error: network Lost connection to server. @ https://awesomekorean.com/build/assets/app-Bi6Os44c.js:47
[    7212ms] [WARNING] [PeerJS] Disconnected, reconnecting... @ https://awesomekorean.com/build/assets/app-Bi6Os44c.js:47
[    8909ms] [ERROR] WebSocket connection to 'wss://awesomekorean.com/peerjs/peerjs?key=peerjs&id=sk-202-0eb9&token=l8g1ss1z2zc&version=1.5.5' failed: Error during WebSocket handshake: Unexpected response code: 502 @ https://awesomekorean.com/build/assets/app-Bi6Os44c.js:47
[    8909ms] [ERROR] ERROR PeerJS:  Error: Lost connection to server. @ https://awesomekorean.com/build/assets/app-Bi6Os44c.js:47
[    8909ms] [ERROR] [PeerJS] ❌ Error: network Lost connection to server. @ https://awesomekorean.com/build/assets/app-Bi6Os44c.js:47
[    8909ms] [WARNING] [PeerJS] Disconnected, reconnecting... @ https://awesomekorean.com/build/assets/app-Bi6Os44c.js:47
[    9920ms] [ERROR] WebSocket connection to 'wss://awesomekorean.com/peerjs/peerjs?key=peerjs&id=sk-202-0eb9&token=l8g1ss1z2zc&version=1.5.5' failed: Error during WebSocket handshake: Unexpected response code: 502 @ https://awesomekorean.com/build/assets/app-Bi6Os44c.js:47
[    9920ms] [ERROR] ERROR PeerJS:  Error: Lost connection to server. @ https://awesomekorean.com/build/assets/app-Bi6Os44c.js:47
[    9921ms] [ERROR] [PeerJS] ❌ Error: network Lost connection to server. @ https://awesomekorean.com/build/assets/app-Bi6Os44c.js:47
[    9921ms] [WARNING] [PeerJS] Disconnected, reconnecting... @ https://awesomekorean.com/build/assets/app-Bi6Os44c.js:47
[   12042ms] [ERROR] WebSocket connection to 'wss://awesomekorean.com/peerjs/peerjs?key=peerjs&id=sk-202-0eb9&token=l8g1ss1z2zc&version=1.5.5' failed: Error during WebSocket handshake: Unexpected response code: 502 @ https://awesomekorean.com/build/assets/app-Bi6Os44c.js:47
[   12042ms] [ERROR] ERROR PeerJS:  Error: Lost connection to server. @ https://awesomekorean.com/build/assets/app-Bi6Os44c.js:47
[   12043ms] [ERROR] [PeerJS] ❌ Error: network Lost connection to server. @ https://awesomekorean.com/build/assets/app-Bi6Os44c.js:47
[   12043ms] [WARNING] [PeerJS] Disconnected, reconnecting... @ https://awesomekorean.com/build/assets/app-Bi6Os44c.js:47
[   13273ms] [ERROR] WebSocket connection to 'wss://awesomekorean.com/peerjs/peerjs?key=peerjs&id=sk-202-0eb9&token=l8g1ss1z2zc&version=1.5.5' failed: Error during WebSocket handshake: Unexpected response code: 502 @ https://awesomekorean.com/build/assets/app-Bi6Os44c.js:47
[   13273ms] [ERROR] ERROR PeerJS:  Error: Lost connection to server. @ https://awesomekorean.com/build/assets/app-Bi6Os44c.js:47
[   13273ms] [ERROR] [PeerJS] ❌ Error: network Lost connection to server. @ https://awesomekorean.com/build/assets/app-Bi6Os44c.js:47
[   13273ms] [WARNING] [PeerJS] Disconnected, reconnecting... @ https://awesomekorean.com/build/assets/app-Bi6Os44c.js:47
[   16547ms] [ERROR] WebSocket connection to 'wss://awesomekorean.com/peerjs/peerjs?key=peerjs&id=sk-202-0eb9&token=l8g1ss1z2zc&version=1.5.5' failed: Error during WebSocket handshake: Unexpected response code: 502 @ https://awesomekorean.com/build/assets/app-Bi6Os44c.js:47
[   16547ms] [ERROR] ERROR PeerJS:  Error: Lost connection to server. @ https://awesomekorean.com/build/assets/app-Bi6Os44c.js:47
[   16548ms] [ERROR] [PeerJS] ❌ Error: network Lost connection to server. @ https://awesomekorean.com/build/assets/app-Bi6Os44c.js:47
[   16548ms] [WARNING] [PeerJS] Disconnected, reconnecting... @ https://awesomekorean.com/build/assets/app-Bi6Os44c.js:47
[   18880ms] [ERROR] WebSocket connection to 'wss://awesomekorean.com/peerjs/peerjs?key=peerjs&id=sk-202-0eb9&token=l8g1ss1z2zc&version=1.5.5' failed: Error during WebSocket handshake: Unexpected response code: 502 @ https://awesomekorean.com/build/assets/app-Bi6Os44c.js:47
[   18881ms] [ERROR] ERROR PeerJS:  Error: Lost connection to server. @ https://awesomekorean.com/build/assets/app-Bi6Os44c.js:47
[   18881ms] [ERROR] [PeerJS] ❌ Error: network Lost connection to server. @ https://awesomekorean.com/build/assets/app-Bi6Os44c.js:47
[   18881ms] [WARNING] [PeerJS] Disconnected, reconnecting... @ https://awesomekorean.com/build/assets/app-Bi6Os44c.js:47
[   22560ms] [ERROR] WebSocket connection to 'wss://awesomekorean.com/peerjs/peerjs?key=peerjs&id=sk-202-0eb9&token=l8g1ss1z2zc&version=1.5.5' failed: Error during WebSocket handshake: Unexpected response code: 502 @ https://awesomekorean.com/build/assets/app-Bi6Os44c.js:47
[   22561ms] [ERROR] ERROR PeerJS:  Error: Lost connection to server. @ https://awesomekorean.com/build/assets/app-Bi6Os44c.js:47
[   22561ms] [ERROR] [PeerJS] ❌ Error: network Lost connection to server. @ https://awesomekorean.com/build/assets/app-Bi6Os44c.js:47
[   22561ms] [WARNING] [PeerJS] Disconnected, reconnecting... @ https://awesomekorean.com/build/assets/app-Bi6Os44c.js:47
[   23686ms] [ERROR] WebSocket connection to 'wss://awesomekorean.com/peerjs/peerjs?key=peerjs&id=sk-202-0eb9&token=l8g1ss1z2zc&version=1.5.5' failed: Error during WebSocket handshake: Unexpected response code: 502 @ https://awesomekorean.com/build/assets/app-Bi6Os44c.js:47
[   23687ms] [ERROR] ERROR PeerJS:  Error: Lost connection to server. @ https://awesomekorean.com/build/assets/app-Bi6Os44c.js:47
[   23687ms] [ERROR] [PeerJS] ❌ Error: network Lost connection to server. @ https://awesomekorean.com/build/assets/app-Bi6Os44c.js:47
[   23687ms] [WARNING] [PeerJS] Disconnected, reconnecting... @ https://awesomekorean.com/build/assets/app-Bi6Os44c.js:47
[   24856ms] [ERROR] WebSocket connection to 'wss://awesomekorean.com/peerjs/peerjs?key=peerjs&id=sk-202-0eb9&token=l8g1ss1z2zc&version=1.5.5' failed: Error during WebSocket handshake: Unexpected response code: 502 @ https://awesomekorean.com/build/assets/app-Bi6Os44c.js:47
[   24857ms] [ERROR] ERROR PeerJS:  Error: Lost connection to server. @ https://awesomekorean.com/build/assets/app-Bi6Os44c.js:47
[   24857ms] [ERROR] [PeerJS] ❌ Error: network Lost connection to server. @ https://awesomekorean.com/build/assets/app-Bi6Os44c.js:47
[   24857ms] [WARNING] [PeerJS] Disconnected, reconnecting... @ https://awesomekorean.com/build/assets/app-Bi6Os44c.js:47
[   28858ms] [ERROR] WebSocket connection to 'wss://awesomekorean.com/peerjs/peerjs?key=peerjs&id=sk-202-0eb9&token=l8g1ss1z2zc&version=1.5.5' failed: Error during WebSocket handshake: Unexpected response code: 502 @ https://awesomekorean.com/build/assets/app-Bi6Os44c.js:47
[   28858ms] [ERROR] ERROR PeerJS:  Error: Lost connection to server. @ https://awesomekorean.com/build/assets/app-Bi6Os44c.js:47
[   28858ms] [ERROR] [PeerJS] ❌ Error: network Lost connection to server. @ https://awesomekorean.com/build/assets/app-Bi6Os44c.js:47
[   28858ms] [WARNING] [PeerJS] Disconnected, reconnecting... @ https://awesomekorean.com/build/assets/app-Bi6Os44c.js:47
[   31816ms] [ERROR] WebSocket connection to 'wss://awesomekorean.com/peerjs/peerjs?key=peerjs&id=sk-202-0eb9&token=l8g1ss1z2zc&version=1.5.5' failed: Error during WebSocket handshake: Unexpected response code: 502 @ https://awesomekorean.com/build/assets/app-Bi6Os44c.js:47
[   31816ms] [ERROR] ERROR PeerJS:  Error: Lost connection to server. @ https://awesomekorean.com/build/assets/app-Bi6Os44c.js:47
[   31816ms] [ERROR] [PeerJS] ❌ Error: network Lost connection to server. @ https://awesomekorean.com/build/assets/app-Bi6Os44c.js:47
[   31816ms] [WARNING] [PeerJS] Disconnected, reconnecting... @ https://awesomekorean.com/build/assets/app-Bi6Os44c.js:47
