[      33ms] [ERROR] WebSocket connection to 'wss://awesomekorean.com/peerjs/peerjs?key=peerjs&id=sk-202-nqjs&token=awfd24tmwom&version=1.5.5' failed: Error during WebSocket handshake: Unexpected response code: 502 @ https://awesomekorean.com/build/assets/app-BA639JpB.js:47
[      34ms] [ERROR] ERROR PeerJS:  Error: Lost connection to server. @ https://awesomekorean.com/build/assets/app-BA639JpB.js:47
[      34ms] [ERROR] [PeerJS] ❌ Error: network Lost connection to server. @ https://awesomekorean.com/build/assets/app-BA639JpB.js:47
[      34ms] [WARNING] [PeerJS] Disconnected, reconnecting... @ https://awesomekorean.com/build/assets/app-BA639JpB.js:47
[     136ms] [LOG] [CommHub] Initializing for user: 202 @ https://awesomekorean.com/build/assets/app-BA639JpB.js:47
[     139ms] [LOG] [PeerJS] Initializing as sk-202-er8i @ https://awesomekorean.com/build/assets/app-BA639JpB.js:47
[     140ms] [WARNING] [PushService] Firebase config missing — push disabled @ https://awesomekorean.com/build/assets/app-BA639JpB.js:47
[    1039ms] [ERROR] WebSocket connection to 'wss://awesomekorean.com/peerjs/peerjs?key=peerjs&id=sk-202-er8i&token=vzr3y4uot3&version=1.5.5' failed: Error during WebSocket handshake: Unexpected response code: 502 @ https://awesomekorean.com/build/assets/app-BA639JpB.js:47
[    1039ms] [ERROR] ERROR PeerJS:  Error: Lost connection to server. @ https://awesomekorean.com/build/assets/app-BA639JpB.js:47
[    1039ms] [ERROR] [PeerJS] ❌ Error: network Lost connection to server. @ https://awesomekorean.com/build/assets/app-BA639JpB.js:47
[    1039ms] [WARNING] [PeerJS] Disconnected, reconnecting... @ https://awesomekorean.com/build/assets/app-BA639JpB.js:47
[    1193ms] [ERROR] WebSocket connection to 'wss://awesomekorean.com/peerjs/peerjs?key=peerjs&id=sk-202-er8i&token=vzr3y4uot3&version=1.5.5' failed: Error during WebSocket handshake: Unexpected response code: 502 @ https://awesomekorean.com/build/assets/app-BA639JpB.js:47
[    1193ms] [ERROR] ERROR PeerJS:  Error: Lost connection to server. @ https://awesomekorean.com/build/assets/app-BA639JpB.js:47
[    1194ms] [ERROR] [PeerJS] ❌ Error: network Lost connection to server. @ https://awesomekorean.com/build/assets/app-BA639JpB.js:47
[    1194ms] [WARNING] [PeerJS] Disconnected, reconnecting... @ https://awesomekorean.com/build/assets/app-BA639JpB.js:47
[    1341ms] [ERROR] WebSocket connection to 'wss://awesomekorean.com/peerjs/peerjs?key=peerjs&id=sk-202-er8i&token=vzr3y4uot3&version=1.5.5' failed: Error during WebSocket handshake: Unexpected response code: 502 @ https://awesomekorean.com/build/assets/app-BA639JpB.js:47
[    1341ms] [ERROR] ERROR PeerJS:  Error: Lost connection to server. @ https://awesomekorean.com/build/assets/app-BA639JpB.js:47
[    1342ms] [ERROR] [PeerJS] ❌ Error: network Lost connection to server. @ https://awesomekorean.com/build/assets/app-BA639JpB.js:47
[    1342ms] [WARNING] [PeerJS] Disconnected, reconnecting... @ https://awesomekorean.com/build/assets/app-BA639JpB.js:47
[    1503ms] [ERROR] WebSocket connection to 'wss://awesomekorean.com/peerjs/peerjs?key=peerjs&id=sk-202-er8i&token=vzr3y4uot3&version=1.5.5' failed: Error during WebSocket handshake: Unexpected response code: 502 @ https://awesomekorean.com/build/assets/app-BA639JpB.js:47
[    1503ms] [ERROR] ERROR PeerJS:  Error: Lost connection to server. @ https://awesomekorean.com/build/assets/app-BA639JpB.js:47
[    1503ms] [ERROR] [PeerJS] ❌ Error: network Lost connection to server. @ https://awesomekorean.com/build/assets/app-BA639JpB.js:47
[    1503ms] [WARNING] [PeerJS] Disconnected, reconnecting... @ https://awesomekorean.com/build/assets/app-BA639JpB.js:47
[    1754ms] [ERROR] WebSocket connection to 'wss://awesomekorean.com/peerjs/peerjs?key=peerjs&id=sk-202-er8i&token=vzr3y4uot3&version=1.5.5' failed: Error during WebSocket handshake: Unexpected response code: 502 @ https://awesomekorean.com/build/assets/app-BA639JpB.js:47
[    1755ms] [ERROR] ERROR PeerJS:  Error: Lost connection to server. @ https://awesomekorean.com/build/assets/app-BA639JpB.js:47
[    1755ms] [ERROR] [PeerJS] ❌ Error: network Lost connection to server. @ https://awesomekorean.com/build/assets/app-BA639JpB.js:47
[    1755ms] [WARNING] [PeerJS] Disconnected, reconnecting... @ https://awesomekorean.com/build/assets/app-BA639JpB.js:47
[    1949ms] [ERROR] WebSocket connection to 'wss://awesomekorean.com/peerjs/peerjs?key=peerjs&id=sk-202-er8i&token=vzr3y4uot3&version=1.5.5' failed: Error during WebSocket handshake: Unexpected response code: 502 @ https://awesomekorean.com/build/assets/app-BA639JpB.js:47
[    1950ms] [ERROR] ERROR PeerJS:  Error: Lost connection to server. @ https://awesomekorean.com/build/assets/app-BA639JpB.js:47
[    1950ms] [ERROR] [PeerJS] ❌ Error: network Lost connection to server. @ https://awesomekorean.com/build/assets/app-BA639JpB.js:47
[    1950ms] [WARNING] [PeerJS] Disconnected, reconnecting... @ https://awesomekorean.com/build/assets/app-BA639JpB.js:47
[    2174ms] [ERROR] WebSocket connection to 'wss://awesomekorean.com/peerjs/peerjs?key=peerjs&id=sk-202-er8i&token=vzr3y4uot3&version=1.5.5' failed: Error during WebSocket handshake: Unexpected response code: 502 @ https://awesomekorean.com/build/assets/app-BA639JpB.js:47
[    2175ms] [ERROR] ERROR PeerJS:  Error: Lost connection to server. @ https://awesomekorean.com/build/assets/app-BA639JpB.js:47
[    2175ms] [ERROR] [PeerJS] ❌ Error: network Lost connection to server. @ https://awesomekorean.com/build/assets/app-BA639JpB.js:47
[    2175ms] [WARNING] [PeerJS] Disconnected, reconnecting... @ https://awesomekorean.com/build/assets/app-BA639JpB.js:47
[    2575ms] [ERROR] WebSocket connection to 'wss://awesomekorean.com/peerjs/peerjs?key=peerjs&id=sk-202-er8i&token=vzr3y4uot3&version=1.5.5' failed: Error during WebSocket handshake: Unexpected response code: 502 @ https://awesomekorean.com/build/assets/app-BA639JpB.js:47
[    2575ms] [ERROR] ERROR PeerJS:  Error: Lost connection to server. @ https://awesomekorean.com/build/assets/app-BA639JpB.js:47
[    2575ms] [ERROR] [PeerJS] ❌ Error: network Lost connection to server. @ https://awesomekorean.com/build/assets/app-BA639JpB.js:47
[    2575ms] [WARNING] [PeerJS] Disconnected, reconnecting... @ https://awesomekorean.com/build/assets/app-BA639JpB.js:47
[    2826ms] [ERROR] WebSocket connection to 'wss://awesomekorean.com/peerjs/peerjs?key=peerjs&id=sk-202-er8i&token=vzr3y4uot3&version=1.5.5' failed: Error during WebSocket handshake: Unexpected response code: 502 @ https://awesomekorean.com/build/assets/app-BA639JpB.js:47
[    2826ms] [ERROR] ERROR PeerJS:  Error: Lost connection to server. @ https://awesomekorean.com/build/assets/app-BA639JpB.js:47
[    2826ms] [ERROR] [PeerJS] ❌ Error: network Lost connection to server. @ https://awesomekorean.com/build/assets/app-BA639JpB.js:47
[    2826ms] [WARNING] [PeerJS] Disconnected, reconnecting... @ https://awesomekorean.com/build/assets/app-BA639JpB.js:47
[    3222ms] [ERROR] WebSocket connection to 'wss://awesomekorean.com/peerjs/peerjs?key=peerjs&id=sk-202-er8i&token=vzr3y4uot3&version=1.5.5' failed: Error during WebSocket handshake: Unexpected response code: 502 @ https://awesomekorean.com/build/assets/app-BA639JpB.js:47
[    3222ms] [ERROR] ERROR PeerJS:  Error: Lost connection to server. @ https://awesomekorean.com/build/assets/app-BA639JpB.js:47
[    3222ms] [ERROR] [PeerJS] ❌ Error: network Lost connection to server. @ https://awesomekorean.com/build/assets/app-BA639JpB.js:47
[    3222ms] [WARNING] [PeerJS] Disconnected, reconnecting... @ https://awesomekorean.com/build/assets/app-BA639JpB.js:47
[    3543ms] [ERROR] WebSocket connection to 'wss://awesomekorean.com/peerjs/peerjs?key=peerjs&id=sk-202-er8i&token=vzr3y4uot3&version=1.5.5' failed: Error during WebSocket handshake: Unexpected response code: 502 @ https://awesomekorean.com/build/assets/app-BA639JpB.js:47
[    3544ms] [ERROR] ERROR PeerJS:  Error: Lost connection to server. @ https://awesomekorean.com/build/assets/app-BA639JpB.js:47
[    3544ms] [ERROR] [PeerJS] ❌ Error: network Lost connection to server. @ https://awesomekorean.com/build/assets/app-BA639JpB.js:47
[    3544ms] [WARNING] [PeerJS] Disconnected, reconnecting... @ https://awesomekorean.com/build/assets/app-BA639JpB.js:47
[    3993ms] [ERROR] WebSocket connection to 'wss://awesomekorean.com/peerjs/peerjs?key=peerjs&id=sk-202-er8i&token=vzr3y4uot3&version=1.5.5' failed: Error during WebSocket handshake: Unexpected response code: 502 @ https://awesomekorean.com/build/assets/app-BA639JpB.js:47
[    3993ms] [ERROR] ERROR PeerJS:  Error: Lost connection to server. @ https://awesomekorean.com/build/assets/app-BA639JpB.js:47
[    3993ms] [ERROR] [PeerJS] ❌ Error: network Lost connection to server. @ https://awesomekorean.com/build/assets/app-BA639JpB.js:47
[    3993ms] [WARNING] [PeerJS] Disconnected, reconnecting... @ https://awesomekorean.com/build/assets/app-BA639JpB.js:47
[    4670ms] [ERROR] WebSocket connection to 'wss://awesomekorean.com/peerjs/peerjs?key=peerjs&id=sk-202-er8i&token=vzr3y4uot3&version=1.5.5' failed: Error during WebSocket handshake: Unexpected response code: 502 @ https://awesomekorean.com/build/assets/app-BA639JpB.js:47
[    4671ms] [ERROR] ERROR PeerJS:  Error: Lost connection to server. @ https://awesomekorean.com/build/assets/app-BA639JpB.js:47
[    4671ms] [ERROR] [PeerJS] ❌ Error: network Lost connection to server. @ https://awesomekorean.com/build/assets/app-BA639JpB.js:47
[    4671ms] [WARNING] [PeerJS] Disconnected, reconnecting... @ https://awesomekorean.com/build/assets/app-BA639JpB.js:47
[    5036ms] [ERROR] WebSocket connection to 'wss://awesomekorean.com/peerjs/peerjs?key=peerjs&id=sk-202-er8i&token=vzr3y4uot3&version=1.5.5' failed: Error during WebSocket handshake: Unexpected response code: 502 @ https://awesomekorean.com/build/assets/app-BA639JpB.js:47
[    5037ms] [ERROR] ERROR PeerJS:  Error: Lost connection to server. @ https://awesomekorean.com/build/assets/app-BA639JpB.js:47
[    5037ms] [ERROR] [PeerJS] ❌ Error: network Lost connection to server. @ https://awesomekorean.com/build/assets/app-BA639JpB.js:47
[    5037ms] [WARNING] [PeerJS] Disconnected, reconnecting... @ https://awesomekorean.com/build/assets/app-BA639JpB.js:47
[    5306ms] [ERROR] WebSocket connection to 'wss://awesomekorean.com/peerjs/peerjs?key=peerjs&id=sk-202-er8i&token=vzr3y4uot3&version=1.5.5' failed: Error during WebSocket handshake: Unexpected response code: 502 @ https://awesomekorean.com/build/assets/app-BA639JpB.js:47
[    5306ms] [ERROR] ERROR PeerJS:  Error: Lost connection to server. @ https://awesomekorean.com/build/assets/app-BA639JpB.js:47
[    5306ms] [ERROR] [PeerJS] ❌ Error: network Lost connection to server. @ https://awesomekorean.com/build/assets/app-BA639JpB.js:47
[    5306ms] [WARNING] [PeerJS] Disconnected, reconnecting... @ https://awesomekorean.com/build/assets/app-BA639JpB.js:47
[    5983ms] [ERROR] WebSocket connection to 'wss://awesomekorean.com/peerjs/peerjs?key=peerjs&id=sk-202-er8i&token=vzr3y4uot3&version=1.5.5' failed: Error during WebSocket handshake: Unexpected response code: 502 @ https://awesomekorean.com/build/assets/app-BA639JpB.js:47
[    5983ms] [ERROR] ERROR PeerJS:  Error: Lost connection to server. @ https://awesomekorean.com/build/assets/app-BA639JpB.js:47
[    5983ms] [ERROR] [PeerJS] ❌ Error: network Lost connection to server. @ https://awesomekorean.com/build/assets/app-BA639JpB.js:47
[    5983ms] [WARNING] [PeerJS] Disconnected, reconnecting... @ https://awesomekorean.com/build/assets/app-BA639JpB.js:47
[    7305ms] [ERROR] WebSocket connection to 'wss://awesomekorean.com/peerjs/peerjs?key=peerjs&id=sk-202-er8i&token=vzr3y4uot3&version=1.5.5' failed: Error during WebSocket handshake: Unexpected response code: 502 @ https://awesomekorean.com/build/assets/app-BA639JpB.js:47
[    7305ms] [ERROR] ERROR PeerJS:  Error: Lost connection to server. @ https://awesomekorean.com/build/assets/app-BA639JpB.js:47
[    7305ms] [ERROR] [PeerJS] ❌ Error: network Lost connection to server. @ https://awesomekorean.com/build/assets/app-BA639JpB.js:47
[    7305ms] [WARNING] [PeerJS] Disconnected, reconnecting... @ https://awesomekorean.com/build/assets/app-BA639JpB.js:47
[    8219ms] [ERROR] WebSocket connection to 'wss://awesomekorean.com/peerjs/peerjs?key=peerjs&id=sk-202-er8i&token=vzr3y4uot3&version=1.5.5' failed: Error during WebSocket handshake: Unexpected response code: 502 @ https://awesomekorean.com/build/assets/app-BA639JpB.js:47
[    8219ms] [ERROR] ERROR PeerJS:  Error: Lost connection to server. @ https://awesomekorean.com/build/assets/app-BA639JpB.js:47
[    8220ms] [ERROR] [PeerJS] ❌ Error: network Lost connection to server. @ https://awesomekorean.com/build/assets/app-BA639JpB.js:47
[    8220ms] [WARNING] [PeerJS] Disconnected, reconnecting... @ https://awesomekorean.com/build/assets/app-BA639JpB.js:47
[    8818ms] [ERROR] WebSocket connection to 'wss://awesomekorean.com/peerjs/peerjs?key=peerjs&id=sk-202-er8i&token=vzr3y4uot3&version=1.5.5' failed: Error during WebSocket handshake: Unexpected response code: 502 @ https://awesomekorean.com/build/assets/app-BA639JpB.js:47
[    8818ms] [ERROR] ERROR PeerJS:  Error: Lost connection to server. @ https://awesomekorean.com/build/assets/app-BA639JpB.js:47
[    8818ms] [ERROR] [PeerJS] ❌ Error: network Lost connection to server. @ https://awesomekorean.com/build/assets/app-BA639JpB.js:47
[    8818ms] [WARNING] [PeerJS] Disconnected, reconnecting... @ https://awesomekorean.com/build/assets/app-BA639JpB.js:47
[   10654ms] [ERROR] WebSocket connection to 'wss://awesomekorean.com/peerjs/peerjs?key=peerjs&id=sk-202-er8i&token=vzr3y4uot3&version=1.5.5' failed: Error during WebSocket handshake: Unexpected response code: 502 @ https://awesomekorean.com/build/assets/app-BA639JpB.js:47
[   10655ms] [ERROR] ERROR PeerJS:  Error: Lost connection to server. @ https://awesomekorean.com/build/assets/app-BA639JpB.js:47
[   10655ms] [ERROR] [PeerJS] ❌ Error: network Lost connection to server. @ https://awesomekorean.com/build/assets/app-BA639JpB.js:47
[   10655ms] [WARNING] [PeerJS] Disconnected, reconnecting... @ https://awesomekorean.com/build/assets/app-BA639JpB.js:47
[   12788ms] [ERROR] WebSocket connection to 'wss://awesomekorean.com/peerjs/peerjs?key=peerjs&id=sk-202-er8i&token=vzr3y4uot3&version=1.5.5' failed: Error during WebSocket handshake: Unexpected response code: 502 @ https://awesomekorean.com/build/assets/app-BA639JpB.js:47
[   12789ms] [ERROR] ERROR PeerJS:  Error: Lost connection to server. @ https://awesomekorean.com/build/assets/app-BA639JpB.js:47
[   12789ms] [ERROR] [PeerJS] ❌ Error: network Lost connection to server. @ https://awesomekorean.com/build/assets/app-BA639JpB.js:47
[   12789ms] [WARNING] [PeerJS] Disconnected, reconnecting... @ https://awesomekorean.com/build/assets/app-BA639JpB.js:47
[   14033ms] [ERROR] WebSocket connection to 'wss://awesomekorean.com/peerjs/peerjs?key=peerjs&id=sk-202-er8i&token=vzr3y4uot3&version=1.5.5' failed: Error during WebSocket handshake: Unexpected response code: 502 @ https://awesomekorean.com/build/assets/app-BA639JpB.js:47
[   14033ms] [ERROR] ERROR PeerJS:  Error: Lost connection to server. @ https://awesomekorean.com/build/assets/app-BA639JpB.js:47
[   14033ms] [ERROR] [PeerJS] ❌ Error: network Lost connection to server. @ https://awesomekorean.com/build/assets/app-BA639JpB.js:47
[   14033ms] [WARNING] [PeerJS] Disconnected, reconnecting... @ https://awesomekorean.com/build/assets/app-BA639JpB.js:47
[   14731ms] [ERROR] WebSocket connection to 'wss://awesomekorean.com/peerjs/peerjs?key=peerjs&id=sk-202-er8i&token=vzr3y4uot3&version=1.5.5' failed: Error during WebSocket handshake: Unexpected response code: 502 @ https://awesomekorean.com/build/assets/app-BA639JpB.js:47
[   14731ms] [ERROR] ERROR PeerJS:  Error: Lost connection to server. @ https://awesomekorean.com/build/assets/app-BA639JpB.js:47
[   14731ms] [ERROR] [PeerJS] ❌ Error: network Lost connection to server. @ https://awesomekorean.com/build/assets/app-BA639JpB.js:47
[   14732ms] [WARNING] [PeerJS] Disconnected, reconnecting... @ https://awesomekorean.com/build/assets/app-BA639JpB.js:47
