[     524ms] [LOG] [CommHub] Initializing for user: 202 @ https://awesomekorean.com/build/assets/app-C0JRYiyq.js:47
[     524ms] [LOG] [PeerJS] Initializing as sk-202-yygc @ https://awesomekorean.com/build/assets/app-C0JRYiyq.js:47
[     528ms] [WARNING] [PushService] Firebase config missing — push disabled @ https://awesomekorean.com/build/assets/app-C0JRYiyq.js:47
[     933ms] [LOG] [PeerJS] ✅ Connected as sk-202-yygc @ https://awesomekorean.com/build/assets/app-C0JRYiyq.js:47
[    9644ms] [LOG] [Ringtone] <audio> source pre-loaded (no play) @ https://awesomekorean.com/build/assets/app-C0JRYiyq.js:47
[  850612ms] [ERROR] Failed to load resource: the server responded with a status of 401 (Unauthorized) @ https://awesomekorean.com/api/comms/presence/ping:0
[  875606ms] [ERROR] Failed to load resource: the server responded with a status of 401 (Unauthorized) @ https://awesomekorean.com/api/comms/presence/ping:0
[  900607ms] [ERROR] Failed to load resource: the server responded with a status of 401 (Unauthorized) @ https://awesomekorean.com/api/comms/presence/ping:0
[  925621ms] [ERROR] Failed to load resource: the server responded with a status of 401 (Unauthorized) @ https://awesomekorean.com/api/comms/presence/ping:0
[  950624ms] [ERROR] Failed to load resource: the server responded with a status of 401 (Unauthorized) @ https://awesomekorean.com/api/comms/presence/ping:0
[  975613ms] [ERROR] Failed to load resource: the server responded with a status of 401 (Unauthorized) @ https://awesomekorean.com/api/comms/presence/ping:0
[ 1000624ms] [ERROR] Failed to load resource: the server responded with a status of 401 (Unauthorized) @ https://awesomekorean.com/api/comms/presence/ping:0
[ 1025632ms] [ERROR] Failed to load resource: the server responded with a status of 401 (Unauthorized) @ https://awesomekorean.com/api/comms/presence/ping:0
[ 1050620ms] [ERROR] Failed to load resource: the server responded with a status of 401 (Unauthorized) @ https://awesomekorean.com/api/comms/presence/ping:0
[ 1075610ms] [ERROR] Failed to load resource: the server responded with a status of 401 (Unauthorized) @ https://awesomekorean.com/api/comms/presence/ping:0
[ 1100621ms] [ERROR] Failed to load resource: the server responded with a status of 401 (Unauthorized) @ https://awesomekorean.com/api/comms/presence/ping:0
[ 1125657ms] [ERROR] Failed to load resource: the server responded with a status of 401 (Unauthorized) @ https://awesomekorean.com/api/comms/presence/ping:0
[ 1150614ms] [ERROR] Failed to load resource: the server responded with a status of 401 (Unauthorized) @ https://awesomekorean.com/api/comms/presence/ping:0
[ 1175608ms] [ERROR] Failed to load resource: the server responded with a status of 401 (Unauthorized) @ https://awesomekorean.com/api/comms/presence/ping:0
[ 1200614ms] [ERROR] Failed to load resource: the server responded with a status of 401 (Unauthorized) @ https://awesomekorean.com/api/comms/presence/ping:0
[ 1225614ms] [ERROR] Failed to load resource: the server responded with a status of 401 (Unauthorized) @ https://awesomekorean.com/api/comms/presence/ping:0
